#
# A fatal error has been detected by the Java Runtime Environment:
#
#  EXCEPTION_ACCESS_VIOLATION (0xc0000005) at pc=0x00007ffd2e03ca54, pid=33256, tid=73060
#
# JRE version: OpenJDK Runtime Environment (11.0.10) (build 11.0.10+0-b96-7249189)
# Java VM: OpenJDK 64-Bit Server VM (11.0.10+0-b96-7249189, mixed mode, tiered, compressed oops, g1 gc, windows-amd64)
# Problematic frame:
# V  [jvm.dll+0x18ca54]
#
# No core dump will be written. Minidumps are not enabled by default on client versions of Windows
#
# If you would like to submit a bug report, please visit:
#   https://bugreport.java.com/bugreport/crash.jsp
#

---------------  S U M M A R Y ------------

Command Line: --add-opens=java.base/java.util=ALL-UNNAMED --add-opens=java.base/java.lang=ALL-UNNAMED --add-opens=java.base/java.lang.invoke=ALL-UNNAMED --add-opens=java.base/java.util=ALL-UNNAMED --add-opens=java.prefs/java.util.prefs=ALL-UNNAMED --add-opens=java.prefs/java.util.prefs=ALL-UNNAMED --add-opens=java.base/java.nio.charset=ALL-UNNAMED --add-opens=java.base/java.net=ALL-UNNAMED --add-opens=java.base/java.util.concurrent.atomic=ALL-UNNAMED -Xmx1536m -Dfile.encoding=windows-1252 -Duser.country=US -Duser.language=en -Duser.variant org.gradle.launcher.daemon.bootstrap.GradleDaemon 7.0.2

Host: Intel(R) Core(TM) i7-3630QM CPU @ 2.40GHz, 8 cores, 15G,  Windows 10 , 64 bit Build 19041 (10.0.19041.1348)
Time: Thu Jan 20 14:16:36 2022 Pacific Standard Time elapsed time: 17.530290 seconds (0d 0h 0m 17s)

---------------  T H R E A D  ---------------

Current thread (0x0000017233c76000):  GCTaskThread "GC Thread#5" [stack: 0x0000005bb1700000,0x0000005bb1800000] [id=73060]

Stack: [0x0000005bb1700000,0x0000005bb1800000],  sp=0x0000005bb17fefa8,  free space=1019k
Native frames: (J=compiled Java code, j=interpreted, Vv=VM code, C=native code)
V  [jvm.dll+0x18ca54]


siginfo: EXCEPTION_ACCESS_VIOLATION (0xc0000005), reading address 0xffffffffffffffff


Register to memory mapping:

RIP=0x00007ffd2e03ca54 jvm.dll
RAX=0x00340000009c0000 is an unknown value
RBX=0x00000000a42c9140 is an oop: 
[error occurred during error reporting (printing register info), id 0xc0000005, EXCEPTION_ACCESS_VIOLATION (0xc0000005) at pc=0x00007ffd2e48a02d]

Registers:
RAX=0x00340000009c0000, RBX=0x00000000a42c9140, RCX=0x0000000100609ec0, RDX=0x00000000a42c9140
RSP=0x0000005bb17fefa8, RBP=0x00000172194266d8, RSI=0x00000000a42c9140, RDI=0x00000000a42c9200
R8 =0x0000000000000000, R9 =0x0000000100609ec0, R10=0x0000017219426680, R11=0x00000172194266d8
R12=0x00000000a42e9a00, R13=0x0000000000000001, R14=0x0000017219426680, R15=0x0000000000021649
RIP=0x00007ffd2e03ca54, EFLAGS=0x0000000000010246

Top of Stack: (sp=0x0000005bb17fefa8)
0x0000005bb17fefa8:   00007ffd2e1f9812 00000000a42c9140
0x0000005bb17fefb8:   00000000a42c9140 0000017219424a58
0x0000005bb17fefc8:   00000000a2e0637d 00000000a42c9140
0x0000005bb17fefd8:   00007ffd2e17fb74 00000000a4200000
0x0000005bb17fefe8:   0000000000020000 0000000000021648
0x0000005bb17feff8:   00007ffd2e1f9812 00000000a42e9a00
0x0000005bb17ff008:   0000017219426680 0000005bb17ff0f0
0x0000005bb17ff018:   00000000a42e9a00 0000005bb17ff278
0x0000005bb17ff028:   00007ffd2e1f9df7 00000000a42c9148
0x0000005bb17ff038:   00000172194266d8 00000172194266d8
0x0000005bb17ff048:   00000000a42bc680 000001721715a010
0x0000005bb17ff058:   00007ffd2e1bba58 000001721939d980
0x0000005bb17ff068:   00000000a42e9c00 00000000a2c41600
0x0000005bb17ff078:   00000000a2c41600 0000184d04764884
0x0000005bb17ff088:   0000000000000002 00000000a2e06200
0x0000005bb17ff098:   0000000000000040 0000000000000042 

Instructions: (pc=0x00007ffd2e03ca54)
0x00007ffd2e03c954:   11 86 98 03 00 00 48 8b 5c 24 40 48 8b 74 24 48
0x00007ffd2e03c964:   48 83 c4 30 5f c3 48 8b 07 48 8d 54 24 20 48 8b
0x00007ffd2e03c974:   cf 66 0f 7f 44 24 20 ff 50 38 48 8b 5c 24 40 48
0x00007ffd2e03c984:   8b 74 24 48 48 83 c4 30 5f c3 cc cc 48 8b 49 38
0x00007ffd2e03c994:   48 8b 01 48 ff 60 28 cc cc cc cc cc 80 3d f1 ab
0x00007ffd2e03c9a4:   86 00 00 48 8b c1 74 1b 8b 51 08 8b 0d 63 21 82
0x00007ffd2e03c9b4:   00 48 d3 e2 48 8b c8 48 03 15 4e 21 82 00 e9 19
0x00007ffd2e03c9c4:   00 00 00 48 8b 51 08 48 8b c8 e9 0d 00 00 00 cc
0x00007ffd2e03c9d4:   cc cc cc cc cc cc cc cc cc cc cc cc 4c 8b ca 48
0x00007ffd2e03c9e4:   8b d1 45 8b 41 08 45 85 c0 7e 0e 41 f6 c0 01 75
0x00007ffd2e03c9f4:   59 41 c1 f8 03 41 8b c0 c3 79 4f 80 3d 92 ab 86
0x00007ffd2e03ca04:   00 00 b8 0c 00 00 00 b9 10 00 00 00 0f 45 c8 8b
0x00007ffd2e03ca14:   05 ab 6c 80 00 ff c8 4c 63 c8 48 63 c1 41 8b c8
0x00007ffd2e03ca24:   83 e1 3f 48 63 14 10 41 8b c0 48 c1 f8 10 0f b6
0x00007ffd2e03ca34:   c0 48 d3 e2 49 8d 0c 11 49 f7 d1 48 03 c1 49 c1
0x00007ffd2e03ca44:   e9 03 48 c1 e8 03 41 23 c1 c3 49 8b 01 49 8b c9
0x00007ffd2e03ca54:   48 ff a0 10 01 00 00 cc cc cc cc cc 48 83 ec 38
0x00007ffd2e03ca64:   0f 10 02 48 8b 49 38 48 8d 54 24 20 0f 29 44 24
0x00007ffd2e03ca74:   20 e8 56 f0 ff ff 48 83 c4 38 c3 cc 48 89 5c 24
0x00007ffd2e03ca84:   08 55 56 57 41 54 41 55 41 56 41 57 48 8d 6c 24
0x00007ffd2e03ca94:   e0 48 81 ec 20 01 00 00 48 8b 05 5d a5 83 00 48
0x00007ffd2e03caa4:   33 c4 48 89 45 10 48 8b 05 df 15 86 00 45 33 ed
0x00007ffd2e03cab4:   4c 8b b5 80 00 00 00 4c 8b fa 48 8b bd 88 00 00
0x00007ffd2e03cac4:   00 4d 8b c6 49 8b d6 49 8b f1 48 8b 48 38 48 8b
0x00007ffd2e03cad4:   59 48 49 8b cf c7 45 c0 ff ff ff ff 44 89 6d d4
0x00007ffd2e03cae4:   4c 89 6d d8 44 88 6d e0 c7 45 e8 ff ff ff ff 44
0x00007ffd2e03caf4:   89 6d fc 4c 89 6d 00 44 88 6d 08 e8 ac 17 f6 ff
0x00007ffd2e03cb04:   41 b1 01 4c 8d 45 e8 41 8d 55 04 49 8b cf e8 39
0x00007ffd2e03cb14:   d5 f4 ff 48 8b 05 a2 55 6e 00 4c 8d 25 1b 29 5c
0x00007ffd2e03cb24:   00 48 89 44 24 30 4c 8d 44 24 70 0f b6 05 59 aa
0x00007ffd2e03cb34:   86 00 49 8b d6 f6 d8 48 89 74 24 20 4c 89 74 24
0x00007ffd2e03cb44:   28 0f 10 44 24 20 1b c9 44 89 6c 24 3c 83 c1 03 


Stack slot to memory mapping:
stack at sp + 0 slots: 0x00007ffd2e1f9812 jvm.dll
stack at sp + 1 slots: 0x00000000a42c9140 is an oop: 
[error occurred during error reporting (inspecting top of stack), id 0xc0000005, EXCEPTION_ACCESS_VIOLATION (0xc0000005) at pc=0x00007ffd2e48a02d]


---------------  P R O C E S S  ---------------

Threads class SMR info:
_java_thread_list=0x000001723ada2610, length=64, elements={
0x0000017219390000, 0x0000017232d35800, 0x0000017232d3a000, 0x0000017232dbe800,
0x0000017232dc0800, 0x0000017232dc2000, 0x0000017232dcd800, 0x0000017232dd4000,
0x0000017232de9800, 0x0000017232f41800, 0x0000017234486800, 0x0000017233019800,
0x00000172351eb800, 0x0000017234d71800, 0x00000172354ee000, 0x00000172354ef000,
0x0000017235812000, 0x0000017234e90000, 0x0000017234ce6000, 0x00000172359ca800,
0x00000172359ca000, 0x00000172359cb800, 0x00000172359c8800, 0x00000172359cf000,
0x00000172359c9000, 0x00000172359cc800, 0x00000172359cd000, 0x00000172359ce000,
0x0000017235e5b000, 0x0000017235e5c800, 0x0000017235e5f000, 0x0000017235e5a000,
0x0000017235e5e000, 0x0000017235e59000, 0x0000017235e5b800, 0x0000017235e62000,
0x0000017235e63800, 0x0000017235e64800, 0x0000017235e60800, 0x0000017235e66000,
0x0000017235e63000, 0x0000017235e65800, 0x0000017235e67000, 0x0000017235e61800,
0x0000017235e68000, 0x00000172356e2800, 0x00000172356e9800, 0x00000172356e6000,
0x00000172356e7000, 0x00000172356e7800, 0x00000172356e4800, 0x00000172356e3800,
0x00000172356e5000, 0x00000172356ed800, 0x00000172356f0800, 0x00000172356f0000,
0x00000172356f1800, 0x00000172356ec800, 0x00000172356eb800, 0x00000172356ee000,
0x00000172356ef000, 0x0000017235ee6800, 0x0000017235ee7800, 0x00000172389a4800
}

Java Threads: ( => current thread )
  0x0000017219390000 JavaThread "main" [_thread_blocked, id=50444, stack(0x0000005bb0100000,0x0000005bb0200000)]
  0x0000017232d35800 JavaThread "Reference Handler" daemon [_thread_blocked, id=57492, stack(0x0000005bb0800000,0x0000005bb0900000)]
  0x0000017232d3a000 JavaThread "Finalizer" daemon [_thread_blocked, id=24664, stack(0x0000005bb0900000,0x0000005bb0a00000)]
  0x0000017232dbe800 JavaThread "Signal Dispatcher" daemon [_thread_blocked, id=32224, stack(0x0000005bb0a00000,0x0000005bb0b00000)]
  0x0000017232dc0800 JavaThread "Attach Listener" daemon [_thread_blocked, id=47772, stack(0x0000005bb0b00000,0x0000005bb0c00000)]
  0x0000017232dc2000 JavaThread "Service Thread" daemon [_thread_blocked, id=29392, stack(0x0000005bb0c00000,0x0000005bb0d00000)]
  0x0000017232dcd800 JavaThread "C2 CompilerThread0" daemon [_thread_blocked, id=3844, stack(0x0000005bb0d00000,0x0000005bb0e00000)]
  0x0000017232dd4000 JavaThread "C1 CompilerThread0" daemon [_thread_blocked, id=7132, stack(0x0000005bb0e00000,0x0000005bb0f00000)]
  0x0000017232de9800 JavaThread "Sweeper thread" daemon [_thread_blocked, id=40604, stack(0x0000005bb0f00000,0x0000005bb1000000)]
  0x0000017232f41800 JavaThread "Common-Cleaner" daemon [_thread_blocked, id=41036, stack(0x0000005bb1000000,0x0000005bb1100000)]
  0x0000017234486800 JavaThread "Daemon health stats" [_thread_blocked, id=44412, stack(0x0000005bb1900000,0x0000005bb1a00000)]
  0x0000017233019800 JavaThread "C2 CompilerThread1" daemon [_thread_blocked, id=69672, stack(0x0000005bb1200000,0x0000005bb1300000)]
  0x00000172351eb800 JavaThread "Incoming local TCP Connector on port 59485" [_thread_in_native, id=68492, stack(0x0000005bb1800000,0x0000005bb1900000)]
  0x0000017234d71800 JavaThread "Daemon periodic checks" [_thread_blocked, id=34168, stack(0x0000005bb1a00000,0x0000005bb1b00000)]
  0x00000172354ee000 JavaThread "Daemon" [_thread_blocked, id=34540, stack(0x0000005bb1b00000,0x0000005bb1c00000)]
  0x00000172354ef000 JavaThread "Handler for socket connection from /127.0.0.1:59485 to /127.0.0.1:59486" [_thread_in_native, id=33700, stack(0x0000005bb1c00000,0x0000005bb1d00000)]
  0x0000017235812000 JavaThread "Cancel handler" [_thread_blocked, id=29396, stack(0x0000005bb1d00000,0x0000005bb1e00000)]
  0x0000017234e90000 JavaThread "Daemon worker" [_thread_blocked, id=60536, stack(0x0000005bb1e00000,0x0000005bb1f00000)]
  0x0000017234ce6000 JavaThread "Asynchronous log dispatcher for DefaultDaemonConnection: socket connection from /127.0.0.1:59485 to /127.0.0.1:59486" [_thread_blocked, id=66364, stack(0x0000005bb1f00000,0x0000005bb2000000)]
  0x00000172359ca800 JavaThread "Stdin handler" [_thread_blocked, id=2136, stack(0x0000005bb2000000,0x0000005bb2100000)]
  0x00000172359ca000 JavaThread "Daemon client event forwarder" [_thread_blocked, id=68808, stack(0x0000005bb2100000,0x0000005bb2200000)]
  0x00000172359cb800 JavaThread "Cache worker for file hash cache (C:\Users\Tom\.gradle\caches\7.0.2\fileHashes)" [_thread_blocked, id=39744, stack(0x0000005bb2200000,0x0000005bb2300000)]
  0x00000172359c8800 JavaThread "File lock request listener" [_thread_in_native, id=17184, stack(0x0000005bb2300000,0x0000005bb2400000)]
  0x00000172359cf000 JavaThread "Cache worker for journal cache (C:\Users\Tom\.gradle\caches\journal-1)" [_thread_blocked, id=20964, stack(0x0000005bb2700000,0x0000005bb2800000)]
  0x00000172359c9000 JavaThread "Cache worker for file hash cache (C:\Users\Tom\AndroidStudioProjects\TaskTimer\.gradle\7.0.2\fileHashes)" [_thread_blocked, id=55204, stack(0x0000005bb2800000,0x0000005bb2900000)]
  0x00000172359cc800 JavaThread "File watcher server" daemon [_thread_blocked, id=32456, stack(0x0000005bb2900000,0x0000005bb2a00000)]
  0x00000172359cd000 JavaThread "File watcher consumer" daemon [_thread_blocked, id=40556, stack(0x0000005bb2a00000,0x0000005bb2b00000)]
  0x00000172359ce000 JavaThread "Cache worker for checksums cache (C:\Users\Tom\AndroidStudioProjects\TaskTimer\.gradle\checksums)" [_thread_blocked, id=43788, stack(0x0000005bb2b00000,0x0000005bb2c00000)]
  0x0000017235e5b000 JavaThread "Cache worker for cache directory md-supplier (C:\Users\Tom\.gradle\caches\7.0.2\md-supplier)" [_thread_blocked, id=68420, stack(0x0000005bb2c00000,0x0000005bb2d00000)]
  0x0000017235e5c800 JavaThread "Cache worker for cache directory md-rule (C:\Users\Tom\.gradle\caches\7.0.2\md-rule)" [_thread_blocked, id=9036, stack(0x0000005bb2d00000,0x0000005bb2e00000)]
  0x0000017235e5f000 JavaThread "Cache worker for execution history cache (C:\Users\Tom\.gradle\caches\7.0.2\executionHistory)" [_thread_blocked, id=65808, stack(0x0000005bb2e00000,0x0000005bb2f00000)]
  0x0000017235e5a000 JavaThread "jar transforms" [_thread_blocked, id=62504, stack(0x0000005bb3000000,0x0000005bb3100000)]
  0x0000017235e5e000 JavaThread "jar transforms Thread 2" [_thread_blocked, id=39228, stack(0x0000005bb3100000,0x0000005bb3200000)]
  0x0000017235e59000 JavaThread "Cache worker for file content cache (C:\Users\Tom\.gradle\caches\7.0.2\fileContent)" [_thread_blocked, id=41952, stack(0x0000005bb3200000,0x0000005bb3300000)]
  0x0000017235e5b800 JavaThread "Cache worker for dependencies-accessors (C:\Users\Tom\AndroidStudioProjects\TaskTimer\.gradle\7.0.2\dependencies-accessors)" [_thread_blocked, id=57656, stack(0x0000005bb3300000,0x0000005bb3400000)]
  0x0000017235e62000 JavaThread "jar transforms Thread 3" [_thread_blocked, id=33396, stack(0x0000005bb3400000,0x0000005bb3500000)]
  0x0000017235e63800 JavaThread "Cache worker for Build Output Cleanup Cache (C:\Users\Tom\AndroidStudioProjects\TaskTimer\.gradle\buildOutputCleanup)" [_thread_blocked, id=66628, stack(0x0000005bb3500000,0x0000005bb3600000)]
  0x0000017235e64800 JavaThread "Build operations" [_thread_blocked, id=27160, stack(0x0000005bb3600000,0x0000005bb3700000)]
  0x0000017235e60800 JavaThread "Build operations Thread 2" [_thread_blocked, id=32548, stack(0x0000005bb3700000,0x0000005bb3800000)]
  0x0000017235e66000 JavaThread "Build operations Thread 3" [_thread_blocked, id=48924, stack(0x0000005bb3800000,0x0000005bb3900000)]
  0x0000017235e63000 JavaThread "Build operations Thread 4" [_thread_blocked, id=47692, stack(0x0000005bb3900000,0x0000005bb3a00000)]
  0x0000017235e65800 JavaThread "Build operations Thread 5" [_thread_blocked, id=66088, stack(0x0000005bb3a00000,0x0000005bb3b00000)]
  0x0000017235e67000 JavaThread "Build operations Thread 6" [_thread_blocked, id=46468, stack(0x0000005bb3b00000,0x0000005bb3c00000)]
  0x0000017235e61800 JavaThread "Build operations Thread 7" [_thread_blocked, id=49796, stack(0x0000005bb3c00000,0x0000005bb3d00000)]
  0x0000017235e68000 JavaThread "Build operations Thread 8" [_thread_blocked, id=59028, stack(0x0000005bb3d00000,0x0000005bb3e00000)]
  0x00000172356e2800 JavaThread "jar transforms Thread 4" [_thread_blocked, id=68364, stack(0x0000005bb3e00000,0x0000005bb3f00000)]
  0x00000172356e9800 JavaThread "jar transforms Thread 5" [_thread_blocked, id=57176, stack(0x0000005bb3f00000,0x0000005bb4000000)]
  0x00000172356e6000 JavaThread "jar transforms Thread 6" [_thread_blocked, id=55720, stack(0x0000005bb4000000,0x0000005bb4100000)]
  0x00000172356e7000 JavaThread "jar transforms Thread 7" [_thread_blocked, id=27776, stack(0x0000005bb4100000,0x0000005bb4200000)]
  0x00000172356e7800 JavaThread "jar transforms Thread 8" [_thread_blocked, id=51800, stack(0x0000005bb4200000,0x0000005bb4300000)]
  0x00000172356e4800 JavaThread "Memory manager" [_thread_blocked, id=24076, stack(0x0000005bb4500000,0x0000005bb4600000)]
  0x00000172356e3800 JavaThread "build event listener" [_thread_blocked, id=47568, stack(0x0000005bb4600000,0x0000005bb4700000)]
  0x00000172356e5000 JavaThread "build event listener" [_thread_blocked, id=788, stack(0x0000005bb4700000,0x0000005bb4800000)]
  0x00000172356ed800 JavaThread "pool-3-thread-1" [_thread_blocked, id=33128, stack(0x0000005bb4800000,0x0000005bb4900000)]
  0x00000172356f0800 JavaThread "build event listener" [_thread_blocked, id=50000, stack(0x0000005bb4900000,0x0000005bb4a00000)]
  0x00000172356f0000 JavaThread "Execution worker for ':'" [_thread_blocked, id=66388, stack(0x0000005bb4a00000,0x0000005bb4b00000)]
  0x00000172356f1800 JavaThread "Execution worker for ':' Thread 2" [_thread_blocked, id=40892, stack(0x0000005bb4b00000,0x0000005bb4c00000)]
  0x00000172356ec800 JavaThread "Execution worker for ':' Thread 3" [_thread_blocked, id=41072, stack(0x0000005bb4c00000,0x0000005bb4d00000)]
  0x00000172356eb800 JavaThread "Execution worker for ':' Thread 4" [_thread_blocked, id=21572, stack(0x0000005bb4d00000,0x0000005bb4e00000)]
  0x00000172356ee000 JavaThread "Execution worker for ':' Thread 5" [_thread_blocked, id=19080, stack(0x0000005bb4e00000,0x0000005bb4f00000)]
  0x00000172356ef000 JavaThread "Execution worker for ':' Thread 6" [_thread_blocked, id=59664, stack(0x0000005bb4f00000,0x0000005bb5000000)]
  0x0000017235ee6800 JavaThread "Execution worker for ':' Thread 7" [_thread_blocked, id=62596, stack(0x0000005bb5000000,0x0000005bb5100000)]
  0x0000017235ee7800 JavaThread "Cache worker for execution history cache (C:\Users\Tom\AndroidStudioProjects\TaskTimer\.gradle\7.0.2\executionHistory)" [_thread_blocked, id=73668, stack(0x0000005bb5100000,0x0000005bb5200000)]
  0x00000172389a4800 JavaThread "C2 CompilerThread2" daemon [_thread_blocked, id=61060, stack(0x0000005bb2f00000,0x0000005bb3000000)]

Other Threads:
  0x000001723252d800 VMThread "VM Thread" [stack: 0x0000005bb0700000,0x0000005bb0800000] [id=71752]
  0x0000017232f7d800 WatcherThread [stack: 0x0000005bb1100000,0x0000005bb1200000] [id=70016]
  0x00000172193a8800 GCTaskThread "GC Thread#0" [stack: 0x0000005bb0200000,0x0000005bb0300000] [id=20952]
  0x00000172339da000 GCTaskThread "GC Thread#1" [stack: 0x0000005bb1300000,0x0000005bb1400000] [id=58528]
  0x0000017233c72800 GCTaskThread "GC Thread#2" [stack: 0x0000005bb1400000,0x0000005bb1500000] [id=22684]
  0x0000017233c73000 GCTaskThread "GC Thread#3" [stack: 0x0000005bb1500000,0x0000005bb1600000] [id=26752]
  0x0000017233c71000 GCTaskThread "GC Thread#4" [stack: 0x0000005bb1600000,0x0000005bb1700000] [id=55556]
=>0x0000017233c76000 GCTaskThread "GC Thread#5" [stack: 0x0000005bb1700000,0x0000005bb1800000] [id=73060]
  0x0000017233c74000 GCTaskThread "GC Thread#6" [stack: 0x0000005bb2400000,0x0000005bb2500000] [id=16320]
  0x0000017233c71800 GCTaskThread "GC Thread#7" [stack: 0x0000005bb2500000,0x0000005bb2600000] [id=44208]
  0x00000172193cf800 ConcurrentGCThread "G1 Main Marker" [stack: 0x0000005bb0300000,0x0000005bb0400000] [id=41508]
  0x00000172193d0800 ConcurrentGCThread "G1 Conc#0" [stack: 0x0000005bb0400000,0x0000005bb0500000] [id=15228]
  0x0000017233c74800 ConcurrentGCThread "G1 Conc#1" [stack: 0x0000005bb2600000,0x0000005bb2700000] [id=38228]
  0x000001723239b000 ConcurrentGCThread "G1 Refine#0" [stack: 0x0000005bb0500000,0x0000005bb0600000] [id=1812]
  0x000001723a670800 ConcurrentGCThread "G1 Refine#1" [stack: 0x0000005bb4300000,0x0000005bb4400000] [id=34896]
  0x000001723b957800 ConcurrentGCThread "G1 Refine#2" [stack: 0x0000005bb4400000,0x0000005bb4500000] [id=19424]
  0x000001723239c000 ConcurrentGCThread "G1 Young RemSet Sampling" [stack: 0x0000005bb0600000,0x0000005bb0700000] [id=33672]

Threads with active compile tasks:
C2 CompilerThread0  17548 11197       4       org.gradle.internal.execution.history.impl.FingerprintMapSerializer::readFingerprint (96 bytes)
C2 CompilerThread1  17548 11236       4       org.gradle.internal.snapshot.VfsRelativePath::lengthOfCommonPrefix (173 bytes)
C2 CompilerThread2  17548 10903       4       java.lang.reflect.Method::invoke (65 bytes)

VM state:at safepoint (normal execution)

VM Mutex/Monitor currently owned by a thread:  ([mutex/lock_event])
[0x000001721938c760] Threads_lock - owner thread: 0x000001723252d800
[0x000001721938b560] Heap_lock - owner thread: 0x0000017235e60800

Heap address: 0x00000000a0000000, size: 1536 MB, Compressed Oops mode: 32-bit
Narrow klass base: 0x0000000000000000, Narrow klass shift: 3
Compressed class space size: 1073741824 Address: 0x0000000100000000

Heap:
 garbage-first heap   total 262144K, used 188493K [0x00000000a0000000, 0x0000000100000000)
  region size 1024K, 111 young (113664K), 13 survivors (13312K)
 Metaspace       used 92704K, capacity 95099K, committed 95256K, reserved 1132544K
  class space    used 11869K, capacity 12731K, committed 12824K, reserved 1048576K
Heap Regions: E=young(eden), S=young(survivor), O=old, HS=humongous(starts), HC=humongous(continues), CS=collection set, F=free, A=archive, TAMS=top-at-mark-start (previous, next)
|   0|0x00000000a0000000, 0x00000000a0100000, 0x00000000a0100000|100%| O|  |TAMS 0x00000000a0100000, 0x00000000a0000000| Untracked 
|   1|0x00000000a0100000, 0x00000000a0200000, 0x00000000a0200000|100%| O|  |TAMS 0x00000000a0200000, 0x00000000a0100000| Untracked 
|   2|0x00000000a0200000, 0x00000000a0300000, 0x00000000a0300000|100%| O|  |TAMS 0x00000000a0300000, 0x00000000a0200000| Untracked 
|   3|0x00000000a0300000, 0x00000000a0400000, 0x00000000a0400000|100%|HS|  |TAMS 0x00000000a0400000, 0x00000000a0300000| Complete 
|   4|0x00000000a0400000, 0x00000000a0500000, 0x00000000a0500000|100%|HC|  |TAMS 0x00000000a0500000, 0x00000000a0400000| Complete 
|   5|0x00000000a0500000, 0x00000000a0600000, 0x00000000a0600000|100%|HC|  |TAMS 0x00000000a0600000, 0x00000000a0500000| Complete 
|   6|0x00000000a0600000, 0x00000000a0700000, 0x00000000a0700000|100%| O|  |TAMS 0x00000000a0700000, 0x00000000a0600000| Untracked 
|   7|0x00000000a0700000, 0x00000000a0800000, 0x00000000a0800000|100%| O|  |TAMS 0x00000000a0800000, 0x00000000a0700000| Untracked 
|   8|0x00000000a0800000, 0x00000000a0900000, 0x00000000a0900000|100%| O|  |TAMS 0x00000000a0900000, 0x00000000a0800000| Untracked 
|   9|0x00000000a0900000, 0x00000000a0a00000, 0x00000000a0a00000|100%| O|  |TAMS 0x00000000a0a00000, 0x00000000a0900000| Untracked 
|  10|0x00000000a0a00000, 0x00000000a0b00000, 0x00000000a0b00000|100%| O|  |TAMS 0x00000000a0b00000, 0x00000000a0a00000| Untracked 
|  11|0x00000000a0b00000, 0x00000000a0c00000, 0x00000000a0c00000|100%| O|  |TAMS 0x00000000a0c00000, 0x00000000a0b00000| Untracked 
|  12|0x00000000a0c00000, 0x00000000a0d00000, 0x00000000a0d00000|100%| O|  |TAMS 0x00000000a0d00000, 0x00000000a0c00000| Untracked 
|  13|0x00000000a0d00000, 0x00000000a0e00000, 0x00000000a0e00000|100%| O|  |TAMS 0x00000000a0e00000, 0x00000000a0d00000| Untracked 
|  14|0x00000000a0e00000, 0x00000000a0f00000, 0x00000000a0f00000|100%| O|  |TAMS 0x00000000a0f00000, 0x00000000a0e00000| Untracked 
|  15|0x00000000a0f00000, 0x00000000a1000000, 0x00000000a1000000|100%| O|  |TAMS 0x00000000a1000000, 0x00000000a0f00000| Untracked 
|  16|0x00000000a1000000, 0x00000000a1100000, 0x00000000a1100000|100%|HS|  |TAMS 0x00000000a1100000, 0x00000000a1000000| Complete 
|  17|0x00000000a1100000, 0x00000000a1200000, 0x00000000a1200000|100%|HS|  |TAMS 0x00000000a1200000, 0x00000000a1100000| Complete 
|  18|0x00000000a1200000, 0x00000000a1300000, 0x00000000a1300000|100%|HS|  |TAMS 0x00000000a1300000, 0x00000000a1200000| Complete 
|  19|0x00000000a1300000, 0x00000000a1400000, 0x00000000a1400000|100%|HS|  |TAMS 0x00000000a1400000, 0x00000000a1300000| Complete 
|  20|0x00000000a1400000, 0x00000000a1500000, 0x00000000a1500000|100%|HC|  |TAMS 0x00000000a1500000, 0x00000000a1400000| Complete 
|  21|0x00000000a1500000, 0x00000000a1600000, 0x00000000a1600000|100%|HC|  |TAMS 0x00000000a1600000, 0x00000000a1500000| Complete 
|  22|0x00000000a1600000, 0x00000000a1700000, 0x00000000a1700000|100%|HS|  |TAMS 0x00000000a1700000, 0x00000000a1600000| Complete 
|  23|0x00000000a1700000, 0x00000000a1800000, 0x00000000a1800000|100%|HC|  |TAMS 0x00000000a1800000, 0x00000000a1700000| Complete 
|  24|0x00000000a1800000, 0x00000000a1900000, 0x00000000a1900000|100%| O|  |TAMS 0x00000000a1900000, 0x00000000a1800000| Untracked 
|  25|0x00000000a1900000, 0x00000000a1a00000, 0x00000000a1a00000|100%| O|  |TAMS 0x00000000a1a00000, 0x00000000a1900000| Untracked 
|  26|0x00000000a1a00000, 0x00000000a1b00000, 0x00000000a1b00000|100%| O|  |TAMS 0x00000000a1b00000, 0x00000000a1a00000| Untracked 
|  27|0x00000000a1b00000, 0x00000000a1c00000, 0x00000000a1c00000|100%| O|  |TAMS 0x00000000a1c00000, 0x00000000a1b00000| Untracked 
|  28|0x00000000a1c00000, 0x00000000a1d00000, 0x00000000a1d00000|100%| O|  |TAMS 0x00000000a1d00000, 0x00000000a1c00000| Untracked 
|  29|0x00000000a1d00000, 0x00000000a1e00000, 0x00000000a1e00000|100%| O|  |TAMS 0x00000000a1e00000, 0x00000000a1d00000| Untracked 
|  30|0x00000000a1e00000, 0x00000000a1f00000, 0x00000000a1f00000|100%| O|  |TAMS 0x00000000a1f00000, 0x00000000a1e00000| Untracked 
|  31|0x00000000a1f00000, 0x00000000a2000000, 0x00000000a2000000|100%| O|  |TAMS 0x00000000a2000000, 0x00000000a1f00000| Untracked 
|  32|0x00000000a2000000, 0x00000000a2100000, 0x00000000a2100000|100%| O|  |TAMS 0x00000000a2100000, 0x00000000a2000000| Untracked 
|  33|0x00000000a2100000, 0x00000000a2200000, 0x00000000a2200000|100%| O|  |TAMS 0x00000000a2200000, 0x00000000a2100000| Untracked 
|  34|0x00000000a2200000, 0x00000000a2300000, 0x00000000a2300000|100%| O|  |TAMS 0x00000000a2300000, 0x00000000a2200000| Untracked 
|  35|0x00000000a2300000, 0x00000000a2400000, 0x00000000a2400000|100%| O|  |TAMS 0x00000000a2400000, 0x00000000a2300000| Untracked 
|  36|0x00000000a2400000, 0x00000000a2500000, 0x00000000a2500000|100%| O|  |TAMS 0x00000000a2500000, 0x00000000a2400000| Untracked 
|  37|0x00000000a2500000, 0x00000000a2600000, 0x00000000a2600000|100%| O|  |TAMS 0x00000000a2600000, 0x00000000a2500000| Untracked 
|  38|0x00000000a2600000, 0x00000000a2700000, 0x00000000a2700000|100%| O|  |TAMS 0x00000000a2700000, 0x00000000a2600000| Untracked 
|  39|0x00000000a2700000, 0x00000000a2800000, 0x00000000a2800000|100%| O|  |TAMS 0x00000000a2800000, 0x00000000a2700000| Untracked 
|  40|0x00000000a2800000, 0x00000000a2900000, 0x00000000a2900000|100%| O|  |TAMS 0x00000000a2900000, 0x00000000a2800000| Untracked 
|  41|0x00000000a2900000, 0x00000000a2a00000, 0x00000000a2a00000|100%| O|  |TAMS 0x00000000a2a00000, 0x00000000a2900000| Untracked 
|  42|0x00000000a2a00000, 0x00000000a2b00000, 0x00000000a2b00000|100%| O|  |TAMS 0x00000000a2b00000, 0x00000000a2a00000| Untracked 
|  43|0x00000000a2b00000, 0x00000000a2c00000, 0x00000000a2c00000|100%| O|  |TAMS 0x00000000a2c00000, 0x00000000a2b00000| Untracked 
|  44|0x00000000a2c00000, 0x00000000a2d00000, 0x00000000a2d00000|100%| O|  |TAMS 0x00000000a2d00000, 0x00000000a2c00000| Untracked 
|  45|0x00000000a2d00000, 0x00000000a2e00000, 0x00000000a2e00000|100%| O|  |TAMS 0x00000000a2e00000, 0x00000000a2d00000| Untracked 
|  46|0x00000000a2e00000, 0x00000000a2f00000, 0x00000000a2f00000|100%| O|  |TAMS 0x00000000a2f00000, 0x00000000a2e00000| Untracked 
|  47|0x00000000a2f00000, 0x00000000a3000000, 0x00000000a3000000|100%| O|  |TAMS 0x00000000a3000000, 0x00000000a2f00000| Untracked 
|  48|0x00000000a3000000, 0x00000000a3100000, 0x00000000a3100000|100%| O|  |TAMS 0x00000000a3000000, 0x00000000a3000000| Untracked 
|  49|0x00000000a3100000, 0x00000000a3200000, 0x00000000a3200000|100%| O|  |TAMS 0x00000000a3100000, 0x00000000a3100000| Untracked 
|  50|0x00000000a3200000, 0x00000000a3300000, 0x00000000a3300000|100%| O|  |TAMS 0x00000000a3200000, 0x00000000a3200000| Untracked 
|  51|0x00000000a3300000, 0x00000000a3400000, 0x00000000a3400000|100%| O|  |TAMS 0x00000000a3300000, 0x00000000a3300000| Untracked 
|  52|0x00000000a3400000, 0x00000000a3500000, 0x00000000a3500000|100%| O|  |TAMS 0x00000000a3400000, 0x00000000a3400000| Untracked 
|  53|0x00000000a3500000, 0x00000000a3600000, 0x00000000a3600000|100%| O|  |TAMS 0x00000000a3500000, 0x00000000a3500000| Untracked 
|  54|0x00000000a3600000, 0x00000000a3700000, 0x00000000a3700000|100%| O|  |TAMS 0x00000000a3600000, 0x00000000a3600000| Untracked 
|  55|0x00000000a3700000, 0x00000000a3800000, 0x00000000a3800000|100%| O|  |TAMS 0x00000000a3700000, 0x00000000a3700000| Untracked 
|  56|0x00000000a3800000, 0x00000000a3900000, 0x00000000a3900000|100%| O|  |TAMS 0x00000000a3800000, 0x00000000a3800000| Untracked 
|  57|0x00000000a3900000, 0x00000000a3a00000, 0x00000000a3a00000|100%| O|  |TAMS 0x00000000a3900000, 0x00000000a3900000| Untracked 
|  58|0x00000000a3a00000, 0x00000000a3b00000, 0x00000000a3b00000|100%| O|  |TAMS 0x00000000a3a00000, 0x00000000a3a00000| Untracked 
|  59|0x00000000a3b00000, 0x00000000a3c00000, 0x00000000a3c00000|100%| O|  |TAMS 0x00000000a3b00000, 0x00000000a3b00000| Untracked 
|  60|0x00000000a3c00000, 0x00000000a3d00000, 0x00000000a3d00000|100%| O|  |TAMS 0x00000000a3c00000, 0x00000000a3c00000| Untracked 
|  61|0x00000000a3d00000, 0x00000000a3e00000, 0x00000000a3e00000|100%| O|  |TAMS 0x00000000a3d00000, 0x00000000a3d00000| Untracked 
|  62|0x00000000a3e00000, 0x00000000a3f00000, 0x00000000a3f00000|100%| O|  |TAMS 0x00000000a3e00000, 0x00000000a3e00000| Untracked 
|  63|0x00000000a3f00000, 0x00000000a4000000, 0x00000000a4000000|100%| O|  |TAMS 0x00000000a3f00000, 0x00000000a3f00000| Untracked 
|  64|0x00000000a4000000, 0x00000000a4100000, 0x00000000a4100000|100%| O|  |TAMS 0x00000000a4000000, 0x00000000a4000000| Untracked 
|  65|0x00000000a4100000, 0x00000000a4200000, 0x00000000a4200000|100%| O|  |TAMS 0x00000000a4100000, 0x00000000a4100000| Untracked 
|  66|0x00000000a4200000, 0x00000000a4300000, 0x00000000a4300000|100%| O|  |TAMS 0x00000000a4200000, 0x00000000a4200000| Untracked 
|  67|0x00000000a4300000, 0x00000000a4400000, 0x00000000a4400000|100%| O|  |TAMS 0x00000000a4300000, 0x00000000a4300000| Untracked 
|  68|0x00000000a4400000, 0x00000000a4500000, 0x00000000a4500000|100%| O|  |TAMS 0x00000000a4400000, 0x00000000a4400000| Untracked 
|  69|0x00000000a4500000, 0x00000000a4600000, 0x00000000a4600000|100%| O|  |TAMS 0x00000000a4500000, 0x00000000a4500000| Untracked 
|  70|0x00000000a4600000, 0x00000000a4700000, 0x00000000a4700000|100%| O|  |TAMS 0x00000000a4600000, 0x00000000a4600000| Untracked 
|  71|0x00000000a4700000, 0x00000000a4800000, 0x00000000a4800000|100%| O|  |TAMS 0x00000000a4700000, 0x00000000a4700000| Untracked 
|  72|0x00000000a4800000, 0x00000000a4900000, 0x00000000a4900000|100%| O|  |TAMS 0x00000000a4800000, 0x00000000a4800000| Untracked 
|  73|0x00000000a4900000, 0x00000000a4a00000, 0x00000000a4a00000|100%| O|  |TAMS 0x00000000a4900000, 0x00000000a4900000| Untracked 
|  74|0x00000000a4a00000, 0x00000000a4b00000, 0x00000000a4b00000|100%| O|  |TAMS 0x00000000a4a00000, 0x00000000a4a00000| Untracked 
|  75|0x00000000a4b00000, 0x00000000a4c00000, 0x00000000a4c00000|100%| O|  |TAMS 0x00000000a4b00000, 0x00000000a4b00000| Untracked 
|  76|0x00000000a4c00000, 0x00000000a4d00000, 0x00000000a4d00000|100%| O|  |TAMS 0x00000000a4c00000, 0x00000000a4c00000| Untracked 
|  77|0x00000000a4d00000, 0x00000000a4e00000, 0x00000000a4e00000|100%| O|  |TAMS 0x00000000a4d00000, 0x00000000a4d00000| Untracked 
|  78|0x00000000a4e00000, 0x00000000a4e5e400, 0x00000000a4f00000| 36%| O|  |TAMS 0x00000000a4e00000, 0x00000000a4e00000| Untracked 
|  79|0x00000000a4f00000, 0x00000000a4f00000, 0x00000000a5000000|  0%| F|  |TAMS 0x00000000a4f00000, 0x00000000a4f00000| Untracked 
|  80|0x00000000a5000000, 0x00000000a5000000, 0x00000000a5100000|  0%| F|  |TAMS 0x00000000a5000000, 0x00000000a5000000| Untracked 
|  81|0x00000000a5100000, 0x00000000a5100000, 0x00000000a5200000|  0%| F|  |TAMS 0x00000000a5100000, 0x00000000a5100000| Untracked 
|  82|0x00000000a5200000, 0x00000000a5200000, 0x00000000a5300000|  0%| F|  |TAMS 0x00000000a5200000, 0x00000000a5200000| Untracked 
|  83|0x00000000a5300000, 0x00000000a5300000, 0x00000000a5400000|  0%| F|  |TAMS 0x00000000a5300000, 0x00000000a5300000| Untracked 
|  84|0x00000000a5400000, 0x00000000a5400000, 0x00000000a5500000|  0%| F|  |TAMS 0x00000000a5400000, 0x00000000a5400000| Untracked 
|  85|0x00000000a5500000, 0x00000000a5500000, 0x00000000a5600000|  0%| F|  |TAMS 0x00000000a5500000, 0x00000000a5500000| Untracked 
|  86|0x00000000a5600000, 0x00000000a5600000, 0x00000000a5700000|  0%| F|  |TAMS 0x00000000a5600000, 0x00000000a5600000| Untracked 
|  87|0x00000000a5700000, 0x00000000a5700000, 0x00000000a5800000|  0%| F|  |TAMS 0x00000000a5700000, 0x00000000a5700000| Untracked 
|  88|0x00000000a5800000, 0x00000000a5800000, 0x00000000a5900000|  0%| F|  |TAMS 0x00000000a5800000, 0x00000000a5800000| Untracked 
|  89|0x00000000a5900000, 0x00000000a5900000, 0x00000000a5a00000|  0%| F|  |TAMS 0x00000000a5900000, 0x00000000a5900000| Untracked 
|  90|0x00000000a5a00000, 0x00000000a5a00000, 0x00000000a5b00000|  0%| F|  |TAMS 0x00000000a5a00000, 0x00000000a5a00000| Untracked 
|  91|0x00000000a5b00000, 0x00000000a5b00000, 0x00000000a5c00000|  0%| F|  |TAMS 0x00000000a5b00000, 0x00000000a5b00000| Untracked 
|  92|0x00000000a5c00000, 0x00000000a5c00000, 0x00000000a5d00000|  0%| F|  |TAMS 0x00000000a5c00000, 0x00000000a5c00000| Untracked 
|  93|0x00000000a5d00000, 0x00000000a5d00000, 0x00000000a5e00000|  0%| F|  |TAMS 0x00000000a5d00000, 0x00000000a5d00000| Untracked 
|  94|0x00000000a5e00000, 0x00000000a5e00000, 0x00000000a5f00000|  0%| F|  |TAMS 0x00000000a5e00000, 0x00000000a5e00000| Untracked 
|  95|0x00000000a5f00000, 0x00000000a5f00000, 0x00000000a6000000|  0%| F|  |TAMS 0x00000000a5f00000, 0x00000000a5f00000| Untracked 
|  96|0x00000000a6000000, 0x00000000a6000000, 0x00000000a6100000|  0%| F|  |TAMS 0x00000000a6000000, 0x00000000a6000000| Untracked 
|  97|0x00000000a6100000, 0x00000000a6100000, 0x00000000a6200000|  0%| F|  |TAMS 0x00000000a6100000, 0x00000000a6100000| Untracked 
|  98|0x00000000a6200000, 0x00000000a6200000, 0x00000000a6300000|  0%| F|  |TAMS 0x00000000a6200000, 0x00000000a6200000| Untracked 
|  99|0x00000000a6300000, 0x00000000a6300000, 0x00000000a6400000|  0%| F|  |TAMS 0x00000000a6300000, 0x00000000a6300000| Untracked 
| 100|0x00000000a6400000, 0x00000000a6400000, 0x00000000a6500000|  0%| F|  |TAMS 0x00000000a6400000, 0x00000000a6400000| Untracked 
| 101|0x00000000a6500000, 0x00000000a6500000, 0x00000000a6600000|  0%| F|  |TAMS 0x00000000a6500000, 0x00000000a6500000| Untracked 
| 102|0x00000000a6600000, 0x00000000a6600000, 0x00000000a6700000|  0%| F|  |TAMS 0x00000000a6600000, 0x00000000a6600000| Untracked 
| 103|0x00000000a6700000, 0x00000000a6700000, 0x00000000a6800000|  0%| F|  |TAMS 0x00000000a6700000, 0x00000000a6700000| Untracked 
| 104|0x00000000a6800000, 0x00000000a6800000, 0x00000000a6900000|  0%| F|  |TAMS 0x00000000a6800000, 0x00000000a6800000| Untracked 
| 105|0x00000000a6900000, 0x00000000a6900000, 0x00000000a6a00000|  0%| F|  |TAMS 0x00000000a6900000, 0x00000000a6900000| Untracked 
| 106|0x00000000a6a00000, 0x00000000a6a00000, 0x00000000a6b00000|  0%| F|  |TAMS 0x00000000a6a00000, 0x00000000a6a00000| Untracked 
| 107|0x00000000a6b00000, 0x00000000a6b00000, 0x00000000a6c00000|  0%| F|  |TAMS 0x00000000a6b00000, 0x00000000a6b00000| Untracked 
| 108|0x00000000a6c00000, 0x00000000a6c00000, 0x00000000a6d00000|  0%| F|  |TAMS 0x00000000a6c00000, 0x00000000a6c00000| Untracked 
| 109|0x00000000a6d00000, 0x00000000a6d00000, 0x00000000a6e00000|  0%| F|  |TAMS 0x00000000a6d00000, 0x00000000a6d00000| Untracked 
| 110|0x00000000a6e00000, 0x00000000a6e00000, 0x00000000a6f00000|  0%| F|  |TAMS 0x00000000a6e00000, 0x00000000a6e00000| Untracked 
| 111|0x00000000a6f00000, 0x00000000a6f00000, 0x00000000a7000000|  0%| F|  |TAMS 0x00000000a6f00000, 0x00000000a6f00000| Untracked 
| 112|0x00000000a7000000, 0x00000000a7000000, 0x00000000a7100000|  0%| F|  |TAMS 0x00000000a7000000, 0x00000000a7000000| Untracked 
| 113|0x00000000a7100000, 0x00000000a7100000, 0x00000000a7200000|  0%| F|  |TAMS 0x00000000a7100000, 0x00000000a7100000| Untracked 
| 114|0x00000000a7200000, 0x00000000a7200000, 0x00000000a7300000|  0%| F|  |TAMS 0x00000000a7200000, 0x00000000a7200000| Untracked 
| 115|0x00000000a7300000, 0x00000000a7300000, 0x00000000a7400000|  0%| F|  |TAMS 0x00000000a7300000, 0x00000000a7300000| Untracked 
| 116|0x00000000a7400000, 0x00000000a7400000, 0x00000000a7500000|  0%| F|  |TAMS 0x00000000a7400000, 0x00000000a7400000| Untracked 
| 117|0x00000000a7500000, 0x00000000a7500000, 0x00000000a7600000|  0%| F|  |TAMS 0x00000000a7500000, 0x00000000a7500000| Untracked 
| 118|0x00000000a7600000, 0x00000000a7600000, 0x00000000a7700000|  0%| F|  |TAMS 0x00000000a7600000, 0x00000000a7600000| Untracked 
| 119|0x00000000a7700000, 0x00000000a7700000, 0x00000000a7800000|  0%| F|  |TAMS 0x00000000a7700000, 0x00000000a7700000| Untracked 
| 120|0x00000000a7800000, 0x00000000a7800000, 0x00000000a7900000|  0%| F|  |TAMS 0x00000000a7800000, 0x00000000a7800000| Untracked 
| 121|0x00000000a7900000, 0x00000000a7900000, 0x00000000a7a00000|  0%| F|  |TAMS 0x00000000a7900000, 0x00000000a7900000| Untracked 
| 122|0x00000000a7a00000, 0x00000000a7a00000, 0x00000000a7b00000|  0%| F|  |TAMS 0x00000000a7a00000, 0x00000000a7a00000| Untracked 
| 123|0x00000000a7b00000, 0x00000000a7b00000, 0x00000000a7c00000|  0%| F|  |TAMS 0x00000000a7b00000, 0x00000000a7b00000| Untracked 
| 124|0x00000000a7c00000, 0x00000000a7c00000, 0x00000000a7d00000|  0%| F|  |TAMS 0x00000000a7c00000, 0x00000000a7c00000| Untracked 
| 125|0x00000000a7d00000, 0x00000000a7d00000, 0x00000000a7e00000|  0%| F|  |TAMS 0x00000000a7d00000, 0x00000000a7d00000| Untracked 
| 126|0x00000000a7e00000, 0x00000000a7e00000, 0x00000000a7f00000|  0%| F|  |TAMS 0x00000000a7e00000, 0x00000000a7e00000| Untracked 
| 127|0x00000000a7f00000, 0x00000000a7f00000, 0x00000000a8000000|  0%| F|  |TAMS 0x00000000a7f00000, 0x00000000a7f00000| Untracked 
| 128|0x00000000a8000000, 0x00000000a8000000, 0x00000000a8100000|  0%| F|  |TAMS 0x00000000a8000000, 0x00000000a8000000| Untracked 
| 129|0x00000000a8100000, 0x00000000a8100000, 0x00000000a8200000|  0%| F|  |TAMS 0x00000000a8100000, 0x00000000a8100000| Untracked 
| 130|0x00000000a8200000, 0x00000000a8200000, 0x00000000a8300000|  0%| F|  |TAMS 0x00000000a8200000, 0x00000000a8200000| Untracked 
| 131|0x00000000a8300000, 0x00000000a8300000, 0x00000000a8400000|  0%| F|  |TAMS 0x00000000a8300000, 0x00000000a8300000| Untracked 
| 132|0x00000000a8400000, 0x00000000a8400000, 0x00000000a8500000|  0%| F|  |TAMS 0x00000000a8400000, 0x00000000a8400000| Untracked 
| 133|0x00000000a8500000, 0x00000000a8500000, 0x00000000a8600000|  0%| F|  |TAMS 0x00000000a8500000, 0x00000000a8500000| Untracked 
| 134|0x00000000a8600000, 0x00000000a8600000, 0x00000000a8700000|  0%| F|  |TAMS 0x00000000a8600000, 0x00000000a8600000| Untracked 
| 135|0x00000000a8700000, 0x00000000a8700000, 0x00000000a8800000|  0%| F|  |TAMS 0x00000000a8700000, 0x00000000a8700000| Untracked 
| 136|0x00000000a8800000, 0x00000000a8800000, 0x00000000a8900000|  0%| F|  |TAMS 0x00000000a8800000, 0x00000000a8800000| Untracked 
| 137|0x00000000a8900000, 0x00000000a8934c28, 0x00000000a8a00000| 20%| S|  |TAMS 0x00000000a8900000, 0x00000000a8900000| Complete 
| 138|0x00000000a8a00000, 0x00000000a8b00000, 0x00000000a8b00000|100%| S|  |TAMS 0x00000000a8a00000, 0x00000000a8a00000| Complete 
| 139|0x00000000a8b00000, 0x00000000a8bb5000, 0x00000000a8c00000| 70%| E|CS|TAMS 0x00000000a8b00000, 0x00000000a8b00000| Complete 
| 140|0x00000000a8c00000, 0x00000000a8d00000, 0x00000000a8d00000|100%| S|  |TAMS 0x00000000a8c00000, 0x00000000a8c00000| Complete 
| 141|0x00000000a8d00000, 0x00000000a8e00000, 0x00000000a8e00000|100%| S|  |TAMS 0x00000000a8d00000, 0x00000000a8d00000| Complete 
| 142|0x00000000a8e00000, 0x00000000a8f00000, 0x00000000a8f00000|100%| S|  |TAMS 0x00000000a8e00000, 0x00000000a8e00000| Complete 
| 143|0x00000000a8f00000, 0x00000000a9000000, 0x00000000a9000000|100%| S|  |TAMS 0x00000000a8f00000, 0x00000000a8f00000| Complete 
| 144|0x00000000a9000000, 0x00000000a9100000, 0x00000000a9100000|100%| S|  |TAMS 0x00000000a9000000, 0x00000000a9000000| Complete 
| 145|0x00000000a9100000, 0x00000000a9200000, 0x00000000a9200000|100%| S|  |TAMS 0x00000000a9100000, 0x00000000a9100000| Complete 
| 146|0x00000000a9200000, 0x00000000a9300000, 0x00000000a9300000|100%| S|  |TAMS 0x00000000a9200000, 0x00000000a9200000| Complete 
| 147|0x00000000a9300000, 0x00000000a9400000, 0x00000000a9400000|100%| S|  |TAMS 0x00000000a9300000, 0x00000000a9300000| Complete 
| 148|0x00000000a9400000, 0x00000000a9500000, 0x00000000a9500000|100%| S|  |TAMS 0x00000000a9400000, 0x00000000a9400000| Complete 
| 149|0x00000000a9500000, 0x00000000a9600000, 0x00000000a9600000|100%| S|  |TAMS 0x00000000a9500000, 0x00000000a9500000| Complete 
| 150|0x00000000a9600000, 0x00000000a9700000, 0x00000000a9700000|100%| S|  |TAMS 0x00000000a9600000, 0x00000000a9600000| Complete 
| 151|0x00000000a9700000, 0x00000000a9800000, 0x00000000a9800000|100%| E|CS|TAMS 0x00000000a9700000, 0x00000000a9700000| Complete 
| 152|0x00000000a9800000, 0x00000000a9900000, 0x00000000a9900000|100%| E|CS|TAMS 0x00000000a9800000, 0x00000000a9800000| Complete 
| 153|0x00000000a9900000, 0x00000000a9a00000, 0x00000000a9a00000|100%| E|CS|TAMS 0x00000000a9900000, 0x00000000a9900000| Complete 
| 154|0x00000000a9a00000, 0x00000000a9b00000, 0x00000000a9b00000|100%| E|CS|TAMS 0x00000000a9a00000, 0x00000000a9a00000| Complete 
| 155|0x00000000a9b00000, 0x00000000a9c00000, 0x00000000a9c00000|100%| E|CS|TAMS 0x00000000a9b00000, 0x00000000a9b00000| Complete 
| 156|0x00000000a9c00000, 0x00000000a9d00000, 0x00000000a9d00000|100%| E|CS|TAMS 0x00000000a9c00000, 0x00000000a9c00000| Complete 
| 157|0x00000000a9d00000, 0x00000000a9e00000, 0x00000000a9e00000|100%| E|CS|TAMS 0x00000000a9d00000, 0x00000000a9d00000| Complete 
| 158|0x00000000a9e00000, 0x00000000a9f00000, 0x00000000a9f00000|100%| E|CS|TAMS 0x00000000a9e00000, 0x00000000a9e00000| Complete 
| 159|0x00000000a9f00000, 0x00000000aa000000, 0x00000000aa000000|100%| E|CS|TAMS 0x00000000a9f00000, 0x00000000a9f00000| Complete 
| 160|0x00000000aa000000, 0x00000000aa100000, 0x00000000aa100000|100%| E|CS|TAMS 0x00000000aa000000, 0x00000000aa000000| Complete 
| 161|0x00000000aa100000, 0x00000000aa200000, 0x00000000aa200000|100%| E|CS|TAMS 0x00000000aa100000, 0x00000000aa100000| Complete 
| 162|0x00000000aa200000, 0x00000000aa300000, 0x00000000aa300000|100%| E|CS|TAMS 0x00000000aa200000, 0x00000000aa200000| Complete 
| 163|0x00000000aa300000, 0x00000000aa400000, 0x00000000aa400000|100%| E|CS|TAMS 0x00000000aa300000, 0x00000000aa300000| Complete 
| 164|0x00000000aa400000, 0x00000000aa500000, 0x00000000aa500000|100%| E|CS|TAMS 0x00000000aa400000, 0x00000000aa400000| Complete 
| 165|0x00000000aa500000, 0x00000000aa600000, 0x00000000aa600000|100%| E|CS|TAMS 0x00000000aa500000, 0x00000000aa500000| Complete 
| 166|0x00000000aa600000, 0x00000000aa700000, 0x00000000aa700000|100%| E|CS|TAMS 0x00000000aa600000, 0x00000000aa600000| Complete 
| 167|0x00000000aa700000, 0x00000000aa800000, 0x00000000aa800000|100%| E|CS|TAMS 0x00000000aa700000, 0x00000000aa700000| Complete 
| 168|0x00000000aa800000, 0x00000000aa900000, 0x00000000aa900000|100%| E|CS|TAMS 0x00000000aa800000, 0x00000000aa800000| Complete 
| 169|0x00000000aa900000, 0x00000000aaa00000, 0x00000000aaa00000|100%| E|CS|TAMS 0x00000000aa900000, 0x00000000aa900000| Complete 
| 170|0x00000000aaa00000, 0x00000000aab00000, 0x00000000aab00000|100%| E|CS|TAMS 0x00000000aaa00000, 0x00000000aaa00000| Complete 
| 171|0x00000000aab00000, 0x00000000aac00000, 0x00000000aac00000|100%| E|CS|TAMS 0x00000000aab00000, 0x00000000aab00000| Complete 
| 172|0x00000000aac00000, 0x00000000aad00000, 0x00000000aad00000|100%| E|CS|TAMS 0x00000000aac00000, 0x00000000aac00000| Complete 
| 173|0x00000000aad00000, 0x00000000aae00000, 0x00000000aae00000|100%| E|CS|TAMS 0x00000000aad00000, 0x00000000aad00000| Complete 
| 174|0x00000000aae00000, 0x00000000aaf00000, 0x00000000aaf00000|100%| E|CS|TAMS 0x00000000aae00000, 0x00000000aae00000| Complete 
| 175|0x00000000aaf00000, 0x00000000ab000000, 0x00000000ab000000|100%| E|CS|TAMS 0x00000000aaf00000, 0x00000000aaf00000| Complete 
| 176|0x00000000ab000000, 0x00000000ab100000, 0x00000000ab100000|100%| E|CS|TAMS 0x00000000ab000000, 0x00000000ab000000| Complete 
| 177|0x00000000ab100000, 0x00000000ab200000, 0x00000000ab200000|100%| E|CS|TAMS 0x00000000ab100000, 0x00000000ab100000| Complete 
| 178|0x00000000ab200000, 0x00000000ab300000, 0x00000000ab300000|100%| E|CS|TAMS 0x00000000ab200000, 0x00000000ab200000| Complete 
| 179|0x00000000ab300000, 0x00000000ab400000, 0x00000000ab400000|100%| E|CS|TAMS 0x00000000ab300000, 0x00000000ab300000| Complete 
| 180|0x00000000ab400000, 0x00000000ab500000, 0x00000000ab500000|100%| E|CS|TAMS 0x00000000ab400000, 0x00000000ab400000| Complete 
| 181|0x00000000ab500000, 0x00000000ab600000, 0x00000000ab600000|100%| E|CS|TAMS 0x00000000ab500000, 0x00000000ab500000| Complete 
| 182|0x00000000ab600000, 0x00000000ab700000, 0x00000000ab700000|100%| E|CS|TAMS 0x00000000ab600000, 0x00000000ab600000| Complete 
| 183|0x00000000ab700000, 0x00000000ab800000, 0x00000000ab800000|100%| E|CS|TAMS 0x00000000ab700000, 0x00000000ab700000| Complete 
| 184|0x00000000ab800000, 0x00000000ab900000, 0x00000000ab900000|100%| E|CS|TAMS 0x00000000ab800000, 0x00000000ab800000| Complete 
| 185|0x00000000ab900000, 0x00000000aba00000, 0x00000000aba00000|100%| E|CS|TAMS 0x00000000ab900000, 0x00000000ab900000| Complete 
| 186|0x00000000aba00000, 0x00000000abb00000, 0x00000000abb00000|100%| E|CS|TAMS 0x00000000aba00000, 0x00000000aba00000| Complete 
| 187|0x00000000abb00000, 0x00000000abc00000, 0x00000000abc00000|100%| E|CS|TAMS 0x00000000abb00000, 0x00000000abb00000| Complete 
| 188|0x00000000abc00000, 0x00000000abd00000, 0x00000000abd00000|100%| E|CS|TAMS 0x00000000abc00000, 0x00000000abc00000| Complete 
| 189|0x00000000abd00000, 0x00000000abe00000, 0x00000000abe00000|100%| E|CS|TAMS 0x00000000abd00000, 0x00000000abd00000| Complete 
| 190|0x00000000abe00000, 0x00000000abf00000, 0x00000000abf00000|100%| E|CS|TAMS 0x00000000abe00000, 0x00000000abe00000| Complete 
| 191|0x00000000abf00000, 0x00000000ac000000, 0x00000000ac000000|100%| E|CS|TAMS 0x00000000abf00000, 0x00000000abf00000| Complete 
| 192|0x00000000ac000000, 0x00000000ac100000, 0x00000000ac100000|100%| E|CS|TAMS 0x00000000ac000000, 0x00000000ac000000| Complete 
| 193|0x00000000ac100000, 0x00000000ac200000, 0x00000000ac200000|100%| E|CS|TAMS 0x00000000ac100000, 0x00000000ac100000| Complete 
| 194|0x00000000ac200000, 0x00000000ac300000, 0x00000000ac300000|100%| E|CS|TAMS 0x00000000ac200000, 0x00000000ac200000| Complete 
| 195|0x00000000ac300000, 0x00000000ac400000, 0x00000000ac400000|100%| E|CS|TAMS 0x00000000ac300000, 0x00000000ac300000| Complete 
| 196|0x00000000ac400000, 0x00000000ac500000, 0x00000000ac500000|100%| E|CS|TAMS 0x00000000ac400000, 0x00000000ac400000| Complete 
| 197|0x00000000ac500000, 0x00000000ac600000, 0x00000000ac600000|100%| E|CS|TAMS 0x00000000ac500000, 0x00000000ac500000| Complete 
| 198|0x00000000ac600000, 0x00000000ac700000, 0x00000000ac700000|100%| E|CS|TAMS 0x00000000ac600000, 0x00000000ac600000| Complete 
| 199|0x00000000ac700000, 0x00000000ac800000, 0x00000000ac800000|100%| E|CS|TAMS 0x00000000ac700000, 0x00000000ac700000| Complete 
| 200|0x00000000ac800000, 0x00000000ac900000, 0x00000000ac900000|100%| E|CS|TAMS 0x00000000ac800000, 0x00000000ac800000| Complete 
| 201|0x00000000ac900000, 0x00000000aca00000, 0x00000000aca00000|100%| E|CS|TAMS 0x00000000ac900000, 0x00000000ac900000| Complete 
| 202|0x00000000aca00000, 0x00000000acb00000, 0x00000000acb00000|100%| E|CS|TAMS 0x00000000aca00000, 0x00000000aca00000| Complete 
| 203|0x00000000acb00000, 0x00000000acc00000, 0x00000000acc00000|100%| E|CS|TAMS 0x00000000acb00000, 0x00000000acb00000| Complete 
| 204|0x00000000acc00000, 0x00000000acd00000, 0x00000000acd00000|100%| E|CS|TAMS 0x00000000acc00000, 0x00000000acc00000| Complete 
| 205|0x00000000acd00000, 0x00000000ace00000, 0x00000000ace00000|100%| E|CS|TAMS 0x00000000acd00000, 0x00000000acd00000| Complete 
| 206|0x00000000ace00000, 0x00000000acf00000, 0x00000000acf00000|100%| E|CS|TAMS 0x00000000ace00000, 0x00000000ace00000| Complete 
| 207|0x00000000acf00000, 0x00000000ad000000, 0x00000000ad000000|100%| E|CS|TAMS 0x00000000acf00000, 0x00000000acf00000| Complete 
| 208|0x00000000ad000000, 0x00000000ad100000, 0x00000000ad100000|100%| E|CS|TAMS 0x00000000ad000000, 0x00000000ad000000| Complete 
| 209|0x00000000ad100000, 0x00000000ad200000, 0x00000000ad200000|100%| E|CS|TAMS 0x00000000ad100000, 0x00000000ad100000| Complete 
| 210|0x00000000ad200000, 0x00000000ad300000, 0x00000000ad300000|100%| E|CS|TAMS 0x00000000ad200000, 0x00000000ad200000| Complete 
| 211|0x00000000ad300000, 0x00000000ad400000, 0x00000000ad400000|100%| E|CS|TAMS 0x00000000ad300000, 0x00000000ad300000| Complete 
| 212|0x00000000ad400000, 0x00000000ad500000, 0x00000000ad500000|100%| E|CS|TAMS 0x00000000ad400000, 0x00000000ad400000| Complete 
| 213|0x00000000ad500000, 0x00000000ad600000, 0x00000000ad600000|100%| E|CS|TAMS 0x00000000ad500000, 0x00000000ad500000| Complete 
| 214|0x00000000ad600000, 0x00000000ad700000, 0x00000000ad700000|100%| E|CS|TAMS 0x00000000ad600000, 0x00000000ad600000| Complete 
| 215|0x00000000ad700000, 0x00000000ad800000, 0x00000000ad800000|100%| E|CS|TAMS 0x00000000ad700000, 0x00000000ad700000| Complete 
| 216|0x00000000ad800000, 0x00000000ad900000, 0x00000000ad900000|100%| E|CS|TAMS 0x00000000ad800000, 0x00000000ad800000| Complete 
| 217|0x00000000ad900000, 0x00000000ada00000, 0x00000000ada00000|100%| E|CS|TAMS 0x00000000ad900000, 0x00000000ad900000| Complete 
| 218|0x00000000ada00000, 0x00000000adb00000, 0x00000000adb00000|100%| E|CS|TAMS 0x00000000ada00000, 0x00000000ada00000| Complete 
| 219|0x00000000adb00000, 0x00000000adc00000, 0x00000000adc00000|100%| E|CS|TAMS 0x00000000adb00000, 0x00000000adb00000| Complete 
| 220|0x00000000adc00000, 0x00000000add00000, 0x00000000add00000|100%| E|CS|TAMS 0x00000000adc00000, 0x00000000adc00000| Complete 
| 221|0x00000000add00000, 0x00000000ade00000, 0x00000000ade00000|100%| E|CS|TAMS 0x00000000add00000, 0x00000000add00000| Complete 
| 222|0x00000000ade00000, 0x00000000adf00000, 0x00000000adf00000|100%| E|CS|TAMS 0x00000000ade00000, 0x00000000ade00000| Complete 
| 223|0x00000000adf00000, 0x00000000ae000000, 0x00000000ae000000|100%| E|CS|TAMS 0x00000000adf00000, 0x00000000adf00000| Complete 
| 224|0x00000000ae000000, 0x00000000ae100000, 0x00000000ae100000|100%| E|CS|TAMS 0x00000000ae000000, 0x00000000ae000000| Complete 
| 225|0x00000000ae100000, 0x00000000ae200000, 0x00000000ae200000|100%| E|CS|TAMS 0x00000000ae100000, 0x00000000ae100000| Complete 
| 226|0x00000000ae200000, 0x00000000ae300000, 0x00000000ae300000|100%| E|CS|TAMS 0x00000000ae200000, 0x00000000ae200000| Complete 
| 227|0x00000000ae300000, 0x00000000ae400000, 0x00000000ae400000|100%| E|CS|TAMS 0x00000000ae300000, 0x00000000ae300000| Complete 
| 228|0x00000000ae400000, 0x00000000ae500000, 0x00000000ae500000|100%| E|CS|TAMS 0x00000000ae400000, 0x00000000ae400000| Complete 
| 229|0x00000000ae500000, 0x00000000ae600000, 0x00000000ae600000|100%| E|CS|TAMS 0x00000000ae500000, 0x00000000ae500000| Complete 
| 230|0x00000000ae600000, 0x00000000ae700000, 0x00000000ae700000|100%| E|CS|TAMS 0x00000000ae600000, 0x00000000ae600000| Complete 
| 231|0x00000000ae700000, 0x00000000ae800000, 0x00000000ae800000|100%| E|CS|TAMS 0x00000000ae700000, 0x00000000ae700000| Complete 
| 232|0x00000000ae800000, 0x00000000ae900000, 0x00000000ae900000|100%| E|CS|TAMS 0x00000000ae800000, 0x00000000ae800000| Complete 
| 233|0x00000000ae900000, 0x00000000aea00000, 0x00000000aea00000|100%| E|CS|TAMS 0x00000000ae900000, 0x00000000ae900000| Complete 
| 234|0x00000000aea00000, 0x00000000aeb00000, 0x00000000aeb00000|100%| E|CS|TAMS 0x00000000aea00000, 0x00000000aea00000| Complete 
| 235|0x00000000aeb00000, 0x00000000aec00000, 0x00000000aec00000|100%| E|CS|TAMS 0x00000000aeb00000, 0x00000000aeb00000| Complete 
| 236|0x00000000aec00000, 0x00000000aed00000, 0x00000000aed00000|100%| E|CS|TAMS 0x00000000aec00000, 0x00000000aec00000| Complete 
| 237|0x00000000aed00000, 0x00000000aee00000, 0x00000000aee00000|100%| E|CS|TAMS 0x00000000aed00000, 0x00000000aed00000| Complete 
| 238|0x00000000aee00000, 0x00000000aef00000, 0x00000000aef00000|100%| E|CS|TAMS 0x00000000aee00000, 0x00000000aee00000| Complete 
| 239|0x00000000aef00000, 0x00000000af000000, 0x00000000af000000|100%| E|CS|TAMS 0x00000000aef00000, 0x00000000aef00000| Complete 
| 240|0x00000000af000000, 0x00000000af100000, 0x00000000af100000|100%| E|CS|TAMS 0x00000000af000000, 0x00000000af000000| Complete 
| 241|0x00000000af100000, 0x00000000af200000, 0x00000000af200000|100%| E|CS|TAMS 0x00000000af100000, 0x00000000af100000| Complete 
| 242|0x00000000af200000, 0x00000000af300000, 0x00000000af300000|100%| E|CS|TAMS 0x00000000af200000, 0x00000000af200000| Complete 
| 243|0x00000000af300000, 0x00000000af400000, 0x00000000af400000|100%| E|CS|TAMS 0x00000000af300000, 0x00000000af300000| Complete 
| 244|0x00000000af400000, 0x00000000af500000, 0x00000000af500000|100%| E|CS|TAMS 0x00000000af400000, 0x00000000af400000| Complete 
| 245|0x00000000af500000, 0x00000000af600000, 0x00000000af600000|100%| E|CS|TAMS 0x00000000af500000, 0x00000000af500000| Complete 
| 246|0x00000000af600000, 0x00000000af700000, 0x00000000af700000|100%| E|CS|TAMS 0x00000000af600000, 0x00000000af600000| Complete 
| 247|0x00000000af700000, 0x00000000af800000, 0x00000000af800000|100%| E|CS|TAMS 0x00000000af700000, 0x00000000af700000| Complete 
| 248|0x00000000af800000, 0x00000000af900000, 0x00000000af900000|100%| E|CS|TAMS 0x00000000af800000, 0x00000000af800000| Complete 
| 249|0x00000000af900000, 0x00000000afa00000, 0x00000000afa00000|100%| E|CS|TAMS 0x00000000af900000, 0x00000000af900000| Complete 
| 250|0x00000000afa00000, 0x00000000afb00000, 0x00000000afb00000|100%| E|CS|TAMS 0x00000000afa00000, 0x00000000afa00000| Complete 
| 251|0x00000000afb00000, 0x00000000afc00000, 0x00000000afc00000|100%| E|CS|TAMS 0x00000000afb00000, 0x00000000afb00000| Complete 
| 252|0x00000000afc00000, 0x00000000afd00000, 0x00000000afd00000|100%| E|CS|TAMS 0x00000000afc00000, 0x00000000afc00000| Complete 
| 253|0x00000000afd00000, 0x00000000afe00000, 0x00000000afe00000|100%| E|CS|TAMS 0x00000000afd00000, 0x00000000afd00000| Complete 
| 254|0x00000000afe00000, 0x00000000aff00000, 0x00000000aff00000|100%| E|CS|TAMS 0x00000000afe00000, 0x00000000afe00000| Complete 
| 255|0x00000000aff00000, 0x00000000b0000000, 0x00000000b0000000|100%| E|CS|TAMS 0x00000000aff00000, 0x00000000aff00000| Complete 

Card table byte_map: [0x000001722c4b0000,0x000001722c7b0000] _byte_map_base: 0x000001722bfb0000

Marking Bits (Prev, Next): (CMBitMap*) 0x00000172193c8920, (CMBitMap*) 0x00000172193c88e8
 Prev Bits: [0x000001722e2b0000, 0x000001722fab0000)
 Next Bits: [0x000001722cab0000, 0x000001722e2b0000)

Polling page: 0x0000017217340000

Metaspace:

Usage:
  Non-class:     80.44 MB capacity,    78.94 MB ( 98%) used,     1.23 MB (  2%) free+waste,   271.50 KB ( <1%) overhead. 
      Class:     12.43 MB capacity,    11.59 MB ( 93%) used,   739.64 KB (  6%) free+waste,   121.88 KB ( <1%) overhead. 
       Both:     92.87 MB capacity,    90.53 MB ( 97%) used,     1.95 MB (  2%) free+waste,   393.38 KB ( <1%) overhead. 

Virtual space:
  Non-class space:       82.00 MB reserved,      80.50 MB ( 98%) committed 
      Class space:        1.00 GB reserved,      12.52 MB (  1%) committed 
             Both:        1.08 GB reserved,      93.02 MB (  8%) committed 

Chunk freelists:
   Non-Class:  0 bytes
       Class:  5.00 KB
        Both:  5.00 KB

MaxMetaspaceSize: 17179869184.00 GB
CompressedClassSpaceSize: 1.00 GB

CodeHeap 'non-profiled nmethods': size=120000Kb used=6623Kb max_used=6623Kb free=113376Kb
 bounds [0x0000017224950000, 0x0000017224fd0000, 0x000001722be80000]
CodeHeap 'profiled nmethods': size=120000Kb used=23374Kb max_used=23374Kb free=96625Kb
 bounds [0x000001721d420000, 0x000001721eb00000, 0x0000017224950000]
CodeHeap 'non-nmethods': size=5760Kb used=2327Kb max_used=2366Kb free=3432Kb
 bounds [0x000001721ce80000, 0x000001721d0f0000, 0x000001721d420000]
 total_blobs=12082 nmethods=11185 adapters=806
 compilation: enabled
              stopped_count=0, restarted_count=0
 full_count=0

Compilation events (20 events):
Event: 17.499 Thread 0x0000017232dd4000 11291       2       org.gradle.api.internal.artifacts.transform.DefaultTransformerInvocationFactory$TransformerExecution$$Lambda$784/0x0000000100aee840::getValue (8 bytes)
Event: 17.499 Thread 0x0000017232dd4000 nmethod 11291 0x000001721eaf0e10 code [0x000001721eaf0fe0, 0x000001721eaf1138]
Event: 17.499 Thread 0x0000017232dd4000 11267       2       org.gradle.internal.execution.steps.ResolveChangesStep$$Lambda$932/0x0000000100b1cc40::<init> (20 bytes)
Event: 17.499 Thread 0x0000017232dd4000 nmethod 11267 0x000001721eaf1290 code [0x000001721eaf1440, 0x000001721eaf1658]
Event: 17.499 Thread 0x0000017232dd4000 11290       2       org.gradle.internal.fingerprint.impl.AbstractFileCollectionFingerprinter::fingerprint (9 bytes)
Event: 17.499 Thread 0x0000017232dd4000 nmethod 11290 0x000001721eaf1710 code [0x000001721eaf18c0, 0x000001721eaf19c8]
Event: 17.499 Thread 0x0000017232dd4000 11292   !   2       sun.nio.cs.StreamDecoder::close (37 bytes)
Event: 17.500 Thread 0x0000017232dd4000 nmethod 11292 0x000001721eaf1a90 code [0x000001721eaf1c60, 0x000001721eaf1fd8]
Event: 17.500 Thread 0x0000017232dd4000 11293       2       org.gradle.cache.internal.btree.BTreePersistentIndexedCache$DataBlock::write (33 bytes)
Event: 17.501 Thread 0x0000017232dd4000 nmethod 11293 0x000001721eaf2110 code [0x000001721eaf2300, 0x000001721eaf2568]
Event: 17.501 Thread 0x0000017232dd4000 11294       2       org.gradle.internal.io.StreamByteBuffer::writeTo (20 bytes)
Event: 17.501 Thread 0x0000017232dd4000 nmethod 11294 0x000001721eaf2790 code [0x000001721eaf2960, 0x000001721eaf2b18]
Event: 17.501 Thread 0x0000017232dd4000 11295       2       sun.nio.ch.FileChannelImpl::setUninterruptible (6 bytes)
Event: 17.501 Thread 0x0000017232dd4000 nmethod 11295 0x000001721eaf2c90 code [0x000001721eaf2e40, 0x000001721eaf2f38]
Event: 17.501 Thread 0x0000017232dd4000 11296       2       org.gradle.internal.io.StreamByteBuffer$StreamByteBufferChunk::writeTo (41 bytes)
Event: 17.502 Thread 0x0000017232dd4000 nmethod 11296 0x000001721eaf3010 code [0x000001721eaf31c0, 0x000001721eaf3328]
Event: 17.502 Thread 0x0000017232dd4000 11297       2       com.google.common.io.CountingOutputStream::write (22 bytes)
Event: 17.502 Thread 0x0000017232dd4000 nmethod 11297 0x000001721eaf3410 code [0x000001721eaf35c0, 0x000001721eaf3708]
Event: 17.502 Thread 0x0000017232dd4000 11298       2       org.gradle.cache.internal.btree.FileBackedBlockStore::flush (1 bytes)
Event: 17.502 Thread 0x0000017232dd4000 nmethod 11298 0x000001721eaf3810 code [0x000001721eaf39c0, 0x000001721eaf3ab8]

GC Heap History (20 events):
Event: 4.155 GC heap after
{Heap after GC invocations=4 (full 0):
 garbage-first heap   total 262144K, used 18809K [0x00000000a0000000, 0x0000000100000000)
  region size 1024K, 3 young (3072K), 3 survivors (3072K)
 Metaspace       used 27208K, capacity 27801K, committed 27904K, reserved 1073152K
  class space    used 3597K, capacity 3825K, committed 3840K, reserved 1048576K
}
Event: 4.979 GC heap before
{Heap before GC invocations=4 (full 0):
 garbage-first heap   total 262144K, used 60793K [0x00000000a0000000, 0x0000000100000000)
  region size 1024K, 45 young (46080K), 3 survivors (3072K)
 Metaspace       used 35045K, capacity 35834K, committed 35840K, reserved 1081344K
  class space    used 4543K, capacity 4864K, committed 4864K, reserved 1048576K
}
Event: 4.994 GC heap after
{Heap after GC invocations=5 (full 0):
 garbage-first heap   total 262144K, used 21500K [0x00000000a0000000, 0x0000000100000000)
  region size 1024K, 6 young (6144K), 6 survivors (6144K)
 Metaspace       used 35045K, capacity 35834K, committed 35840K, reserved 1081344K
  class space    used 4543K, capacity 4864K, committed 4864K, reserved 1048576K
}
Event: 6.575 GC heap before
{Heap before GC invocations=6 (full 0):
 garbage-first heap   total 262144K, used 136188K [0x00000000a0000000, 0x0000000100000000)
  region size 1024K, 115 young (117760K), 6 survivors (6144K)
 Metaspace       used 43581K, capacity 44621K, committed 44876K, reserved 1087488K
  class space    used 5571K, capacity 5928K, committed 5964K, reserved 1048576K
}
Event: 6.589 GC heap after
{Heap after GC invocations=7 (full 0):
 garbage-first heap   total 262144K, used 28132K [0x00000000a0000000, 0x0000000100000000)
  region size 1024K, 12 young (12288K), 12 survivors (12288K)
 Metaspace       used 43581K, capacity 44621K, committed 44876K, reserved 1087488K
  class space    used 5571K, capacity 5928K, committed 5964K, reserved 1048576K
}
Event: 8.832 GC heap before
{Heap before GC invocations=7 (full 0):
 garbage-first heap   total 262144K, used 170468K [0x00000000a0000000, 0x0000000100000000)
  region size 1024K, 144 young (147456K), 12 survivors (12288K)
 Metaspace       used 55146K, capacity 56650K, committed 56780K, reserved 1097728K
  class space    used 6986K, capacity 7514K, committed 7628K, reserved 1048576K
}
Event: 8.855 GC heap after
{Heap after GC invocations=8 (full 0):
 garbage-first heap   total 262144K, used 48999K [0x00000000a0000000, 0x0000000100000000)
  region size 1024K, 18 young (18432K), 18 survivors (18432K)
 Metaspace       used 55146K, capacity 56650K, committed 56780K, reserved 1097728K
  class space    used 6986K, capacity 7514K, committed 7628K, reserved 1048576K
}
Event: 9.324 GC heap before
{Heap before GC invocations=8 (full 0):
 garbage-first heap   total 262144K, used 71527K [0x00000000a0000000, 0x0000000100000000)
  region size 1024K, 41 young (41984K), 18 survivors (18432K)
 Metaspace       used 58681K, capacity 60194K, committed 60288K, reserved 1101824K
  class space    used 7417K, capacity 7965K, committed 8012K, reserved 1048576K
}
Event: 9.353 GC heap after
{Heap after GC invocations=9 (full 0):
 garbage-first heap   total 262144K, used 52221K [0x00000000a0000000, 0x0000000100000000)
  region size 1024K, 3 young (3072K), 3 survivors (3072K)
 Metaspace       used 58681K, capacity 60194K, committed 60288K, reserved 1101824K
  class space    used 7417K, capacity 7965K, committed 8012K, reserved 1048576K
}
Event: 10.842 GC heap before
{Heap before GC invocations=10 (full 0):
 garbage-first heap   total 262144K, used 143357K [0x00000000a0000000, 0x0000000100000000)
  region size 1024K, 92 young (94208K), 3 survivors (3072K)
 Metaspace       used 66640K, capacity 68299K, committed 68504K, reserved 1107968K
  class space    used 8416K, capacity 8964K, committed 9112K, reserved 1048576K
}
Event: 10.856 GC heap after
{Heap after GC invocations=11 (full 0):
 garbage-first heap   total 262144K, used 57174K [0x00000000a0000000, 0x0000000100000000)
  region size 1024K, 8 young (8192K), 8 survivors (8192K)
 Metaspace       used 66640K, capacity 68299K, committed 68504K, reserved 1107968K
  class space    used 8416K, capacity 8964K, committed 9112K, reserved 1048576K
}
Event: 12.560 GC heap before
{Heap before GC invocations=11 (full 0):
 garbage-first heap   total 262144K, used 154454K [0x00000000a0000000, 0x0000000100000000)
  region size 1024K, 103 young (105472K), 8 survivors (8192K)
 Metaspace       used 76001K, capacity 77829K, committed 77976K, reserved 1116160K
  class space    used 9746K, capacity 10375K, committed 10392K, reserved 1048576K
}
Event: 12.575 GC heap after
{Heap after GC invocations=12 (full 0):
 garbage-first heap   total 262144K, used 64011K [0x00000000a0000000, 0x0000000100000000)
  region size 1024K, 13 young (13312K), 13 survivors (13312K)
 Metaspace       used 76001K, capacity 77829K, committed 77976K, reserved 1116160K
  class space    used 9746K, capacity 10375K, committed 10392K, reserved 1048576K
}
Event: 13.997 GC heap before
{Heap before GC invocations=12 (full 0):
 garbage-first heap   total 262144K, used 164363K [0x00000000a0000000, 0x0000000100000000)
  region size 1024K, 111 young (113664K), 13 survivors (13312K)
 Metaspace       used 82778K, capacity 84898K, committed 85016K, reserved 1122304K
  class space    used 10764K, capacity 11522K, committed 11544K, reserved 1048576K
}
Event: 14.019 GC heap after
{Heap after GC invocations=13 (full 0):
 garbage-first heap   total 262144K, used 72105K [0x00000000a0000000, 0x0000000100000000)
  region size 1024K, 14 young (14336K), 14 survivors (14336K)
 Metaspace       used 82778K, capacity 84898K, committed 85016K, reserved 1122304K
  class space    used 10764K, capacity 11522K, committed 11544K, reserved 1048576K
}
Event: 15.309 GC heap before
{Heap before GC invocations=13 (full 0):
 garbage-first heap   total 262144K, used 172457K [0x00000000a0000000, 0x0000000100000000)
  region size 1024K, 113 young (115712K), 14 survivors (14336K)
 Metaspace       used 86286K, capacity 88666K, committed 88856K, reserved 1126400K
  class space    used 11103K, capacity 11989K, committed 12056K, reserved 1048576K
}
Event: 15.333 GC heap after
{Heap after GC invocations=14 (full 0):
 garbage-first heap   total 262144K, used 82059K [0x00000000a0000000, 0x0000000100000000)
  region size 1024K, 15 young (15360K), 15 survivors (15360K)
 Metaspace       used 86286K, capacity 88666K, committed 88856K, reserved 1126400K
  class space    used 11103K, capacity 11989K, committed 12056K, reserved 1048576K
}
Event: 16.320 GC heap before
{Heap before GC invocations=14 (full 0):
 garbage-first heap   total 262144K, used 180363K [0x00000000a0000000, 0x0000000100000000)
  region size 1024K, 112 young (114688K), 15 survivors (15360K)
 Metaspace       used 88279K, capacity 90653K, committed 90904K, reserved 1128448K
  class space    used 11344K, capacity 12198K, committed 12312K, reserved 1048576K
}
Event: 16.350 GC heap after
{Heap after GC invocations=15 (full 0):
 garbage-first heap   total 262144K, used 88141K [0x00000000a0000000, 0x0000000100000000)
  region size 1024K, 8 young (8192K), 8 survivors (8192K)
 Metaspace       used 88279K, capacity 90653K, committed 90904K, reserved 1128448K
  class space    used 11344K, capacity 12198K, committed 12312K, reserved 1048576K
}
Event: 17.503 GC heap before
{Heap before GC invocations=15 (full 0):
 garbage-first heap   total 262144K, used 187469K [0x00000000a0000000, 0x0000000100000000)
  region size 1024K, 106 young (108544K), 8 survivors (8192K)
 Metaspace       used 92704K, capacity 95099K, committed 95256K, reserved 1132544K
  class space    used 11869K, capacity 12731K, committed 12824K, reserved 1048576K
}

Deoptimization events (20 events):
Event: 17.114 Thread 0x00000172356eb800 DEOPT PACKING pc=0x0000017224f751e0 sp=0x0000005bb4dfb010
Event: 17.114 Thread 0x00000172356eb800 DEOPT UNPACKING pc=0x000001721cea782f sp=0x0000005bb4dfaf40 mode 2
Event: 17.114 Thread 0x00000172356eb800 Uncommon trap: trap_request=0xffffffc6 fr.pc=0x0000017224f34a54 relative=0x0000000000000ed4
Event: 17.114 Thread 0x00000172356eb800 Uncommon trap: reason=bimorphic_or_optimized_type_check action=maybe_recompile pc=0x0000017224f34a54 method=org.gradle.internal.snapshot.SnapshotUtil$1.handleExactMatchWithChild(Lorg/gradle/internal/snapshot/FileSystemNode;)Ljava/util/Optional; @ 1 c2
Event: 17.114 Thread 0x00000172356eb800 DEOPT PACKING pc=0x0000017224f34a54 sp=0x0000005bb4dfb100
Event: 17.114 Thread 0x00000172356eb800 DEOPT UNPACKING pc=0x000001721cea782f sp=0x0000005bb4dfb010 mode 2
Event: 17.121 Thread 0x00000172356eb800 Uncommon trap: trap_request=0xffffffc6 fr.pc=0x0000017224f34a54 relative=0x0000000000000ed4
Event: 17.121 Thread 0x00000172356eb800 Uncommon trap: reason=bimorphic_or_optimized_type_check action=maybe_recompile pc=0x0000017224f34a54 method=org.gradle.internal.snapshot.SnapshotUtil$1.handleExactMatchWithChild(Lorg/gradle/internal/snapshot/FileSystemNode;)Ljava/util/Optional; @ 1 c2
Event: 17.121 Thread 0x00000172356eb800 DEOPT PACKING pc=0x0000017224f34a54 sp=0x0000005bb4df9e30
Event: 17.121 Thread 0x00000172356eb800 DEOPT UNPACKING pc=0x000001721cea782f sp=0x0000005bb4df9d40 mode 2
Event: 17.123 Thread 0x00000172356eb800 Uncommon trap: trap_request=0xffffffc6 fr.pc=0x0000017224f34a54 relative=0x0000000000000ed4
Event: 17.123 Thread 0x00000172356eb800 Uncommon trap: reason=bimorphic_or_optimized_type_check action=maybe_recompile pc=0x0000017224f34a54 method=org.gradle.internal.snapshot.SnapshotUtil$1.handleExactMatchWithChild(Lorg/gradle/internal/snapshot/FileSystemNode;)Ljava/util/Optional; @ 1 c2
Event: 17.123 Thread 0x00000172356eb800 DEOPT PACKING pc=0x0000017224f34a54 sp=0x0000005bb4df9e30
Event: 17.123 Thread 0x00000172356eb800 DEOPT UNPACKING pc=0x000001721cea782f sp=0x0000005bb4df9d40 mode 2
Event: 17.149 Thread 0x00000172356eb800 DEOPT PACKING pc=0x000001721e6c9976 sp=0x0000005bb4dfb7a0
Event: 17.149 Thread 0x00000172356eb800 DEOPT UNPACKING pc=0x000001721cea764e sp=0x0000005bb4dfacc0 mode 0
Event: 17.336 Thread 0x0000017235e67000 Uncommon trap: trap_request=0xffffffcc fr.pc=0x0000017224fbc508 relative=0x0000000000000248
Event: 17.336 Thread 0x0000017235e67000 Uncommon trap: reason=intrinsic_or_type_checked_inlining action=make_not_entrant pc=0x0000017224fbc508 method=java.util.Arrays.copyOfRange([Ljava/lang/Object;IILjava/lang/Class;)[Ljava/lang/Object; @ 83 c2
Event: 17.336 Thread 0x0000017235e67000 DEOPT PACKING pc=0x0000017224fbc508 sp=0x0000005bb3bfc3f0
Event: 17.336 Thread 0x0000017235e67000 DEOPT UNPACKING pc=0x000001721cea782f sp=0x0000005bb3bfc370 mode 2

Classes redefined (0 events):
No events

Internal exceptions (20 events):
Event: 14.964 Thread 0x0000017234e90000 Exception <a 'java/lang/NoSuchMethodError'{0x00000000ab5d8208}: <clinit>> (0x00000000ab5d8208) thrown at [./src/hotspot/share/prims/jni.cpp, line 1362]
Event: 15.008 Thread 0x0000017234e90000 Exception <a 'sun/nio/fs/WindowsException'{0x00000000ab3e8068}> (0x00000000ab3e8068) thrown at [./src/hotspot/share/prims/jni.cpp, line 615]
Event: 15.065 Thread 0x00000172359ca000 Exception <a 'java/lang/NoSuchMethodError'{0x00000000aaf61f00}: <clinit>> (0x00000000aaf61f00) thrown at [./src/hotspot/share/prims/jni.cpp, line 1362]
Event: 15.066 Thread 0x00000172359ca000 Exception <a 'java/lang/NoSuchMethodError'{0x00000000aaf99c28}: <clinit>> (0x00000000aaf99c28) thrown at [./src/hotspot/share/prims/jni.cpp, line 1362]
Event: 15.069 Thread 0x00000172359ca000 Exception <a 'java/lang/NoSuchMethodError'{0x00000000aafbb780}: <clinit>> (0x00000000aafbb780) thrown at [./src/hotspot/share/prims/jni.cpp, line 1362]
Event: 15.071 Thread 0x00000172359ca000 Exception <a 'java/lang/NoSuchMethodError'{0x00000000aaffa3c0}: <clinit>> (0x00000000aaffa3c0) thrown at [./src/hotspot/share/prims/jni.cpp, line 1362]
Event: 15.071 Thread 0x00000172359ca000 Exception <a 'java/lang/NoSuchMethodError'{0x00000000aaffb698}: <clinit>> (0x00000000aaffb698) thrown at [./src/hotspot/share/prims/jni.cpp, line 1362]
Event: 15.095 Thread 0x00000172356e5000 Exception <a 'java/lang/NoSuchMethodError'{0x00000000abda64f8}: <clinit>> (0x00000000abda64f8) thrown at [./src/hotspot/share/prims/jni.cpp, line 1362]
Event: 15.099 Thread 0x00000172356e5000 Exception <a 'java/lang/NoSuchMethodError'{0x00000000aac62230}: <clinit>> (0x00000000aac62230) thrown at [./src/hotspot/share/prims/jni.cpp, line 1362]
Event: 15.102 Thread 0x00000172356e5000 Exception <a 'java/lang/NoSuchMethodError'{0x00000000aac7b4b8}: <clinit>> (0x00000000aac7b4b8) thrown at [./src/hotspot/share/prims/jni.cpp, line 1362]
Event: 15.115 Thread 0x00000172359ca000 Exception <a 'java/lang/NoSuchMethodError'{0x00000000aaa332e8}: <clinit>> (0x00000000aaa332e8) thrown at [./src/hotspot/share/prims/jni.cpp, line 1362]
Event: 15.139 Thread 0x00000172356f0000 Exception <a 'java/lang/NoSuchMethodError'{0x00000000aaaadec0}: 'java.lang.Object java.lang.invoke.Invokers$Holder.linkToTargetMethod(java.lang.Object, java.lang.Object, java.lang.Object, int, java.lang.Object, java.lang.Object)'> (0x00000000aaaadec0) thrown at [./src/hotspot/share/interpreter/linkResolver.cpp, line 773]
Event: 15.144 Thread 0x00000172356f0000 Exception <a 'java/lang/IncompatibleClassChangeError'{0x00000000aaabc8a8}: Found class java.lang.Object, but interface was expected> (0x00000000aaabc8a8) thrown at [./src/hotspot/share/interpreter/linkResolver.cpp, line 839]
Event: 15.948 Thread 0x00000172356eb800 Exception <a 'java/lang/NoSuchMethodError'{0x00000000abe20210}: <clinit>> (0x00000000abe20210) thrown at [./src/hotspot/share/prims/jni.cpp, line 1362]
Event: 15.948 Thread 0x00000172356eb800 Exception <a 'java/lang/NoSuchMethodError'{0x00000000abe21548}: <clinit>> (0x00000000abe21548) thrown at [./src/hotspot/share/prims/jni.cpp, line 1362]
Event: 15.948 Thread 0x00000172356eb800 Exception <a 'java/lang/NoSuchMethodError'{0x00000000abe23ca8}: <clinit>> (0x00000000abe23ca8) thrown at [./src/hotspot/share/prims/jni.cpp, line 1362]
Event: 15.949 Thread 0x00000172356eb800 Exception <a 'java/lang/NoSuchMethodError'{0x00000000abe3c530}: <clinit>> (0x00000000abe3c530) thrown at [./src/hotspot/share/prims/jni.cpp, line 1362]
Event: 15.949 Thread 0x00000172356eb800 Exception <a 'java/lang/NoSuchMethodError'{0x00000000abe3da10}: <clinit>> (0x00000000abe3da10) thrown at [./src/hotspot/share/prims/jni.cpp, line 1362]
Event: 17.026 Thread 0x00000172356eb800 Implicit null exception at 0x0000017224add5ac to 0x0000017224add5eb
Event: 17.101 Thread 0x00000172356eb800 Exception <a 'java/lang/NoSuchMethodError'{0x00000000ac5fbc70}: 'int java.lang.invoke.DirectMethodHandle$Holder.invokeSpecial(java.lang.Object, java.lang.Object, java.lang.Object, java.lang.Object, java.lang.Object)'> (0x00000000ac5fbc70) thrown at [./src/hotspot/share/interpreter/linkResolver.cpp, line 773]

Events (20 events):
Event: 17.152 loading class org/gradle/util/VersionNumber
Event: 17.152 loading class org/gradle/util/VersionNumber done
Event: 17.153 loading class org/gradle/util/VersionNumber$Scheme
Event: 17.153 loading class org/gradle/util/VersionNumber$Scheme done
Event: 17.154 loading class org/gradle/util/VersionNumber$AbstractScheme
Event: 17.154 loading class org/gradle/util/VersionNumber$AbstractScheme done
Event: 17.154 loading class org/gradle/util/VersionNumber$DefaultScheme
Event: 17.154 loading class org/gradle/util/VersionNumber$DefaultScheme done
Event: 17.154 loading class org/gradle/util/VersionNumber$SchemeWithPatchVersion
Event: 17.154 loading class org/gradle/util/VersionNumber$SchemeWithPatchVersion done
Event: 17.155 loading class org/gradle/util/VersionNumber$AbstractScheme$Scanner
Event: 17.155 loading class org/gradle/util/VersionNumber$AbstractScheme$Scanner done
Event: 17.155 loading class org/gradle/jvm/toolchain/internal/DefaultToolchainJavaCompiler
Event: 17.155 loading class org/gradle/jvm/toolchain/internal/DefaultToolchainJavaCompiler done
Event: 17.258 Loaded shared library C:\Program Files\Android\Android Studio4.2\jre\bin\nio.dll
Event: 17.417 Executing VM operation: ICBufferFull
Event: 17.417 Executing VM operation: ICBufferFull done
Event: 17.494 Executing VM operation: ICBufferFull
Event: 17.494 Executing VM operation: ICBufferFull done
Event: 17.503 Executing VM operation: G1CollectForAllocation


Dynamic libraries:
0x00007ff76c9d0000 - 0x00007ff76c9da000 	C:\Program Files\Android\Android Studio4.2\jre\bin\java.exe
0x00007ffd4dbf0000 - 0x00007ffd4dde5000 	C:\WINDOWS\SYSTEM32\ntdll.dll
0x00007ffd4cd80000 - 0x00007ffd4ce3e000 	C:\WINDOWS\System32\KERNEL32.DLL
0x00007ffd4b8b0000 - 0x00007ffd4bb78000 	C:\WINDOWS\System32\KERNELBASE.dll
0x00007ffd4b350000 - 0x00007ffd4b450000 	C:\WINDOWS\System32\ucrtbase.dll
0x00007ffd2eb00000 - 0x00007ffd2eb19000 	C:\Program Files\Android\Android Studio4.2\jre\bin\jli.dll
0x00007ffd2eb20000 - 0x00007ffd2eb37000 	C:\Program Files\Android\Android Studio4.2\jre\bin\VCRUNTIME140.dll
0x00007ffd4cbd0000 - 0x00007ffd4cd71000 	C:\WINDOWS\System32\USER32.dll
0x00007ffd4a700000 - 0x00007ffd4a99a000 	C:\WINDOWS\WinSxS\amd64_microsoft.windows.common-controls_6595b64144ccf1df_6.0.19041.1110_none_60b5254171f9507e\COMCTL32.dll
0x00007ffd4b850000 - 0x00007ffd4b872000 	C:\WINDOWS\System32\win32u.dll
0x00007ffd4ce40000 - 0x00007ffd4ce6b000 	C:\WINDOWS\System32\GDI32.dll
0x00007ffd4ca70000 - 0x00007ffd4cb0e000 	C:\WINDOWS\System32\msvcrt.dll
0x00007ffd4b540000 - 0x00007ffd4b64d000 	C:\WINDOWS\System32\gdi32full.dll
0x00007ffd4b7b0000 - 0x00007ffd4b84d000 	C:\WINDOWS\System32\msvcp_win.dll
0x00007ffd4cba0000 - 0x00007ffd4cbd0000 	C:\WINDOWS\System32\IMM32.DLL
0x00007ffd2ea20000 - 0x00007ffd2eabd000 	C:\Program Files\Android\Android Studio4.2\jre\bin\msvcp140.dll
0x00007ffd2deb0000 - 0x00007ffd2e97f000 	C:\Program Files\Android\Android Studio4.2\jre\bin\server\jvm.dll
0x00007ffd4ce70000 - 0x00007ffd4cf1c000 	C:\WINDOWS\System32\ADVAPI32.dll
0x00007ffd4d980000 - 0x00007ffd4da1b000 	C:\WINDOWS\System32\sechost.dll
0x00007ffd4c180000 - 0x00007ffd4c2aa000 	C:\WINDOWS\System32\RPCRT4.dll
0x00007ffd4c170000 - 0x00007ffd4c178000 	C:\WINDOWS\System32\PSAPI.DLL
0x00007ffd34c20000 - 0x00007ffd34c29000 	C:\WINDOWS\SYSTEM32\WSOCK32.dll
0x00007ffd3da50000 - 0x00007ffd3da77000 	C:\WINDOWS\SYSTEM32\WINMM.dll
0x00007ffd4c360000 - 0x00007ffd4c3cb000 	C:\WINDOWS\System32\WS2_32.dll
0x00007ffd47ff0000 - 0x00007ffd47ffa000 	C:\WINDOWS\SYSTEM32\VERSION.dll
0x00007ffd49530000 - 0x00007ffd49542000 	C:\WINDOWS\SYSTEM32\kernel.appcore.dll
0x00007ffd2d660000 - 0x00007ffd2d671000 	C:\Program Files\Android\Android Studio4.2\jre\bin\verify.dll
0x00007ffd4aca0000 - 0x00007ffd4ae84000 	C:\WINDOWS\SYSTEM32\DBGHELP.DLL
0x00007ffd4ac70000 - 0x00007ffd4ac9c000 	C:\WINDOWS\SYSTEM32\dbgcore.DLL
0x00007ffd4b450000 - 0x00007ffd4b4d2000 	C:\WINDOWS\System32\bcryptPrimitives.dll
0x00007ffd2d600000 - 0x00007ffd2d629000 	C:\Program Files\Android\Android Studio4.2\jre\bin\java.dll
0x00007ffd2d5c0000 - 0x00007ffd2d5cb000 	C:\Program Files\Android\Android Studio4.2\jre\bin\jimage.dll
0x00007ffd2d330000 - 0x00007ffd2d348000 	C:\Program Files\Android\Android Studio4.2\jre\bin\zip.dll
0x00007ffd4d160000 - 0x00007ffd4d8a4000 	C:\WINDOWS\System32\SHELL32.dll
0x00007ffd48d80000 - 0x00007ffd49514000 	C:\WINDOWS\SYSTEM32\windows.storage.dll
0x00007ffd4be10000 - 0x00007ffd4c165000 	C:\WINDOWS\System32\combase.dll
0x00007ffd4a660000 - 0x00007ffd4a68e000 	C:\WINDOWS\SYSTEM32\Wldp.dll
0x00007ffd4da20000 - 0x00007ffd4dacd000 	C:\WINDOWS\System32\SHCORE.dll
0x00007ffd4cf20000 - 0x00007ffd4cf75000 	C:\WINDOWS\System32\shlwapi.dll
0x00007ffd4b240000 - 0x00007ffd4b25f000 	C:\WINDOWS\SYSTEM32\profapi.dll
0x00007ffd2c6c0000 - 0x00007ffd2c6da000 	C:\Program Files\Android\Android Studio4.2\jre\bin\net.dll
0x00007ffd439d0000 - 0x00007ffd43adc000 	C:\WINDOWS\SYSTEM32\WINHTTP.dll
0x00007ffd4a530000 - 0x00007ffd4a59a000 	C:\WINDOWS\system32\mswsock.dll
0x00007ffd2c6a0000 - 0x00007ffd2c6b4000 	C:\Program Files\Android\Android Studio4.2\jre\bin\nio.dll
0x00007ffd44290000 - 0x00007ffd442b7000 	C:\Users\Tom\.gradle\native\8bec1ad78214c89d9ad589b4d07fe93259594b29d510b10fafb7a158f7737e5d\windows-amd64\native-platform.dll
0x00007ffd182e0000 - 0x00007ffd1841d000 	C:\Users\Tom\.gradle\native\53dbd7edfb1c66fb8903c78663c9afc45aea4f116125fa6feffd364cf09443e8\windows-amd64\native-platform-file-events.dll
0x00007ffd2bf10000 - 0x00007ffd2bf1a000 	C:\Program Files\Android\Android Studio4.2\jre\bin\management.dll
0x00007ffd2bf00000 - 0x00007ffd2bf0c000 	C:\Program Files\Android\Android Studio4.2\jre\bin\management_ext.dll
0x00007ffd4b080000 - 0x00007ffd4b098000 	C:\WINDOWS\SYSTEM32\CRYPTSP.dll
0x00007ffd49d60000 - 0x00007ffd49d94000 	C:\WINDOWS\system32\rsaenh.dll
0x00007ffd4b880000 - 0x00007ffd4b8a7000 	C:\WINDOWS\System32\bcrypt.dll
0x00007ffd4b200000 - 0x00007ffd4b22e000 	C:\WINDOWS\SYSTEM32\USERENV.dll
0x00007ffd4a620000 - 0x00007ffd4a62c000 	C:\WINDOWS\SYSTEM32\CRYPTBASE.dll
0x00007ffd4a0b0000 - 0x00007ffd4a0eb000 	C:\WINDOWS\SYSTEM32\IPHLPAPI.DLL
0x00007ffd4c350000 - 0x00007ffd4c358000 	C:\WINDOWS\System32\NSI.dll
0x00007ffd428c0000 - 0x00007ffd428d7000 	C:\WINDOWS\SYSTEM32\dhcpcsvc6.DLL
0x00007ffd428a0000 - 0x00007ffd428bd000 	C:\WINDOWS\SYSTEM32\dhcpcsvc.DLL
0x00007ffd4a0f0000 - 0x00007ffd4a1bb000 	C:\WINDOWS\SYSTEM32\DNSAPI.dll

dbghelp: loaded successfully - version: 4.0.5 - missing functions: none
symbol engine: initialized successfully - sym options: 0x614 - pdb path: .;C:\Program Files\Android\Android Studio4.2\jre\bin;C:\WINDOWS\SYSTEM32;C:\WINDOWS\WinSxS\amd64_microsoft.windows.common-controls_6595b64144ccf1df_6.0.19041.1110_none_60b5254171f9507e;C:\Program Files\Android\Android Studio4.2\jre\bin\server;C:\Users\Tom\.gradle\native\8bec1ad78214c89d9ad589b4d07fe93259594b29d510b10fafb7a158f7737e5d\windows-amd64;C:\Users\Tom\.gradle\native\53dbd7edfb1c66fb8903c78663c9afc45aea4f116125fa6feffd364cf09443e8\windows-amd64

VM Arguments:
jvm_args: --add-opens=java.base/java.util=ALL-UNNAMED --add-opens=java.base/java.lang=ALL-UNNAMED --add-opens=java.base/java.lang.invoke=ALL-UNNAMED --add-opens=java.base/java.util=ALL-UNNAMED --add-opens=java.prefs/java.util.prefs=ALL-UNNAMED --add-opens=java.prefs/java.util.prefs=ALL-UNNAMED --add-opens=java.base/java.nio.charset=ALL-UNNAMED --add-opens=java.base/java.net=ALL-UNNAMED --add-opens=java.base/java.util.concurrent.atomic=ALL-UNNAMED -Xmx1536m -Dfile.encoding=windows-1252 -Duser.country=US -Duser.language=en -Duser.variant 
java_command: org.gradle.launcher.daemon.bootstrap.GradleDaemon 7.0.2
java_class_path (initial): C:\Users\Tom\.gradle\wrapper\dists\gradle-7.0.2-all\7era6s5ay7zsbhuvl0oc9g94s\gradle-7.0.2\lib\gradle-launcher-7.0.2.jar
Launcher Type: SUN_STANDARD

[Global flags]
     intx CICompilerCount                          = 4                                         {product} {ergonomic}
     uint ConcGCThreads                            = 2                                         {product} {ergonomic}
     uint G1ConcRefinementThreads                  = 8                                         {product} {ergonomic}
   size_t G1HeapRegionSize                         = 1048576                                   {product} {ergonomic}
    uintx GCDrainStackTargetSize                   = 64                                        {product} {ergonomic}
   size_t InitialHeapSize                          = 268435456                                 {product} {ergonomic}
   size_t MarkStackSize                            = 4194304                                   {product} {ergonomic}
   size_t MaxHeapSize                              = 1610612736                                {product} {command line}
   size_t MaxNewSize                               = 965738496                                 {product} {ergonomic}
   size_t MinHeapDeltaBytes                        = 1048576                                   {product} {ergonomic}
    uintx NonNMethodCodeHeapSize                   = 5836300                                {pd product} {ergonomic}
    uintx NonProfiledCodeHeapSize                  = 122910970                              {pd product} {ergonomic}
    uintx ProfiledCodeHeapSize                     = 122910970                              {pd product} {ergonomic}
    uintx ReservedCodeCacheSize                    = 251658240                              {pd product} {ergonomic}
     bool SegmentedCodeCache                       = true                                      {product} {ergonomic}
     bool UseCompressedClassPointers               = true                                 {lp64_product} {ergonomic}
     bool UseCompressedOops                        = true                                 {lp64_product} {ergonomic}
     bool UseG1GC                                  = true                                      {product} {ergonomic}
     bool UseLargePagesIndividualAllocation        = false                                  {pd product} {ergonomic}

Logging:
Log output configuration:
 #0: stdout all=warning uptime,level,tags
 #1: stderr all=off uptime,level,tags

Environment Variables:
JAVA_HOME=C:\Program Files\Android\Android Studio4.2\jre
PATH=C:\WINDOWS\system32;C:\WINDOWS;C:\WINDOWS\System32\Wbem;C:\WINDOWS\System32\WindowsPowerShell\v1.0\;C:\WINDOWS\System32\OpenSSH\;C:\Program Files\dotnet\;C:\Program Files (x86)\dotnet\;C:\Program Files\Sublime Text 3;C:\Users\Tom\apache-maven-3.8.1\bin;C:\Program Files\Android\Android Studio4.2\jre\bin;C:\Program Files\Git\cmd;C:\Users\Tom\AppData\Local\Programs\Python\Python38\Scripts\;C:\Users\Tom\AppData\Local\Programs\Python\Python38\;C:\Users\Tom\AppData\Local\Microsoft\WindowsApps;C:\Sysinternals;"C:\Program Files\Oracle\VirtualBox;";C:\Users\Tom\AppData\Local\Android\Sdk\platform-tools;C:\Users\Tom\.dotnet\tools;C:\Program Files\JetBrains\IntelliJ IDEA 2020.2.3\bin;C:\Users\Tom\sqlite-tools-win32-x86-3350300;;C:\Program Files\JetBrains\IntelliJ IDEA Community Edition 2020.3\bin;;C:\Program Files\Sublime Text 3;
USERNAME=Tom
OS=Windows_NT
PROCESSOR_IDENTIFIER=Intel64 Family 6 Model 58 Stepping 9, GenuineIntel



---------------  S Y S T E M  ---------------

OS: Windows 10 , 64 bit Build 19041 (10.0.19041.1348)
OS uptime: 30 days 22:11 hours

CPU:total 8 (initial active 8) (4 cores per cpu, 2 threads per core) family 6 model 58 stepping 9 microcode 0x21, cmov, cx8, fxsr, mmx, sse, sse2, sse3, ssse3, sse4.1, sse4.2, popcnt, avx, aes, clmul, erms, ht, tsc, tscinvbit, tscinv

Memory: 4k page, system-wide physical 16273M (4989M free)
TotalPageFile size 24411M (AvailPageFile size 4851M)
current process WorkingSet (physical memory assigned to process): 524M, peak: 526M
current process commit charge ("private bytes"): 576M, peak: 579M

vm_info: OpenJDK 64-Bit Server VM (11.0.10+0-b96-7249189) for windows-amd64 JRE (11.0.10+0-b96-7249189), built on Mar 31 2021 21:44:00 by "builder" with MS VC++ 14.0 (VS2015)

END.
